{"numTotalTestSuites":988,"numPassedTestSuites":988,"numFailedTestSuites":0,"numPendingTestSuites":0,"numTotalTests":2665,"numPassedTests":2629,"numFailedTests":0,"numPendingTests":36,"numTodoTests":0,"snapshot":{"added":0,"failure":false,"filesAdded":0,"filesRemoved":0,"filesRemovedList":[],"filesUnmatched":0,"filesUpdated":0,"matched":0,"total":0,"unchecked":0,"uncheckedKeysByFile":[],"unmatched":0,"updated":0,"didUpdate":false},"startTime":1789860972055,"success":true,"testResults":[{"assertionResults":[{"ancestorTitles":["getArtifactListSummaryPure"],"fullName":"getArtifactListSummaryPure should return error when allMetaMap is null","status":"passed","title":"should return error when allMetaMap is null","duration":2.522672000000057,"failureMessages":[],"meta":{},"tags":[]},{"ancestorTitles":["getArtifactListSummaryPure"],"fullName":"getArtifactListSummaryPure should return \"None\" for empty metadata map","status":"passed","title":"should return \"None\" for empty metadata map","duration":0.37203999999996995,"failureMessages":[],"meta":{},"tags":[]},{"ancestorTitles":["getArtifactListSummaryPure"],"fullName":"getArtifactListSummaryPure should format single artifact correctly","status":"passed","title":"should format single artifact correctly","duration":0.2712629999999763,"failureMessages":[],"meta":{},"tags":[]},{"ancestorTitles":["getArtifactListSummaryPure"],"fullName":"getArtifactListSummaryPure should format multiple artifacts correctly","status":"passed","title":"should format multiple artifacts correctly","duration":0.4990170000000944,"failureMessages":[],"meta":{},"tags":[]},{"ancestorTitles":["getArtifactListSummaryPure"],"fullName":"getArtifactListSummaryPure should handle missing latestCycle","status":"passed","title":"should handle missing latestCycle","duration":0.35502699999995,"failureMessages":[],"meta":{},"tags":[]},{"ancestorTitles":["getToolListSummaryPure"],"fullName":"getToolListSummaryPure should return error when staticTools is null","status":"passed","title":"should return error when staticTools is null","duration":0.30522900000005393,"failureMessages":[],"meta":{},"tags":[]},{"ancestorTitles":["getToolListSummaryPure"],"fullName":"getToolListSummaryPure should return error when truncFn is null","status":"passed","title":"should return error when truncFn is null","duration":0.19184000000007018,"failureMessages":[],"meta":{},"tags":[]},{"ancestorTitles":["getToolListSummaryPure"],"fullName":"getToolListSummaryPure should format static tools correctly","status":"passed","title":"should format static tools correctly","duration":0.466342999999938,"failureMessages":[],"meta":{},"tags":[]},{"ancestorTitles":["getToolListSummaryPure"],"fullName":"getToolListSummaryPure should truncate long descriptions","status":"passed","title":"should truncate long descriptions","duration":0.7120459999999866,"failureMessages":[],"meta":{},"tags":[]},{"ancestorTitles":["getToolListSummaryPure"],"fullName":"getToolListSummaryPure should format dynamic tools correctly","status":"passed","title":"should format dynamic tools correctly","duration":0.33783999999991465,"failureMessages":[],"meta":{},"tags":[]},{"ancestorTitles":["getToolListSummaryPure"],"fullName":"getToolListSummaryPure should combine static and dynamic tools","status":"passed","title":"should combine static and dynamic tools","duration":0.25200900000004367,"failureMessages":[],"meta":{},"tags":[]},{"ancestorTitles":["assembleCorePromptPure"],"fullName":"assembleCorePromptPure should return error when template is null","status":"passed","title":"should return error when template is null","duration":0.2551530000000639,"failureMessages":[],"meta":{},"tags":[]},{"ancestorTitles":["assembleCorePromptPure"],"fullName":"assembleCorePromptPure should replace CYCLE_COUNT placeholder","status":"passed","title":"should replace CYCLE_COUNT placeholder","duration":0.18281999999999243,"failureMessages":[],"meta":{},"tags":[]},{"ancestorTitles":["assembleCorePromptPure"],"fullName":"assembleCorePromptPure should replace TOOL_LIST placeholder","status":"passed","title":"should replace TOOL_LIST placeholder","duration":0.2749589999999671,"failureMessages":[],"meta":{},"tags":[]},{"ancestorTitles":["assembleCorePromptPure"],"fullName":"assembleCorePromptPure should replace ARTIFACT_LIST placeholder","status":"passed","title":"should replace ARTIFACT_LIST placeholder","duration":0.19590100000004895,"failureMessages":[],"meta":{},"tags":[]},{"ancestorTitles":["assembleCorePromptPure"],"fullName":"assembleCorePromptPure should replace CUMULATIVE_GOAL placeholder","status":"passed","title":"should replace CUMULATIVE_GOAL placeholder","duration":0.14710700000000543,"failureMessages":[],"meta":{},"tags":[]},{"ancestorTitles":["assembleCorePromptPure"],"fullName":"assembleCorePromptPure should use fallback for missing goal","status":"passed","title":"should use fallback for missing goal","duration":0.15076299999998355,"failureMessages":[],"meta":{},"tags":[]},{"ancestorTitles":["assembleCorePromptPure"],"fullName":"assembleCorePromptPure should replace all placeholders simultaneously","status":"passed","title":"should replace all placeholders simultaneously","duration":0.26400200000000495,"failureMessages":[],"meta":{},"tags":[]}],"startTime":1789861030414,"endTime":1789861030423.264,"status":"passed","message":"","name":"/home/clocksmith/deco/reploid/tests/agent-logic-pure.test.js"},{"assertionResults":[{"ancestorTitles":["AgentLoop - Integration Tests","initialization"],"fullName":"AgentLoop - Integration Tests initialization keeps model and strategy selection fixed during an active attempt","status":"passed","title":"keeps model and strategy selection fixed during an active attempt","duration":16.240113000000065,"failureMessages":[],"meta":{},"tags":[]},{"ancestorTitles":["AgentLoop - Integration Tests","initialization"],"fullName":"AgentLoop - Integration Tests initialization should not be running initially","status":"passed","title":"should not be running initially","duration":0.986786999999822,"failureMessages":[],"meta":{},"tags":[]},{"ancestorTitles":["AgentLoop - Integration Tests","initialization"],"fullName":"AgentLoop - Integration Tests initialization should throw if run without model configured","status":"passed","title":"should throw if run without model configured","duration":5.278080999999929,"failureMessages":[],"meta":{},"tags":[]},{"ancestorTitles":["AgentLoop - Integration Tests","run lifecycle"],"fullName":"AgentLoop - Integration Tests run lifecycle should set goal via StateManager","status":"passed","title":"should set goal via StateManager","duration":4.2979579999998805,"failureMessages":[],"meta":{},"tags":[]},{"ancestorTitles":["AgentLoop - Integration Tests","run lifecycle"],"fullName":"AgentLoop - Integration Tests run lifecycle should emit STARTING status","status":"passed","title":"should emit STARTING status","duration":8.256470000000036,"failureMessages":[],"meta":{},"tags":[]},{"ancestorTitles":["AgentLoop - Integration Tests","run lifecycle"],"fullName":"AgentLoop - Integration Tests run lifecycle should emit IDLE status when done","status":"passed","title":"should emit IDLE status when done","duration":3.003840999999966,"failureMessages":[],"meta":{},"tags":[]},{"ancestorTitles":["AgentLoop - Integration Tests","run lifecycle"],"fullName":"AgentLoop - Integration Tests run lifecycle should build initial context with persona","status":"passed","title":"should build initial context with persona","duration":4.207327999999961,"failureMessages":[],"meta":{},"tags":[]},{"ancestorTitles":["AgentLoop - Integration Tests","run lifecycle"],"fullName":"AgentLoop - Integration Tests run lifecycle builds Zero context with discovery-first VFS rules","status":"passed","title":"builds Zero context with discovery-first VFS rules","duration":9.701150999999982,"failureMessages":[],"meta":{},"tags":[]},{"ancestorTitles":["AgentLoop - Integration Tests","run lifecycle"],"fullName":"AgentLoop - Integration Tests run lifecycle builds X context with continuous improvement as the stopping policy","status":"passed","title":"builds X context with continuous improvement as the stopping policy","duration":6.5601500000000215,"failureMessages":[],"meta":{},"tags":[]},{"ancestorTitles":["AgentLoop - Integration Tests","run lifecycle"],"fullName":"AgentLoop - Integration Tests run lifecycle normalizes structured awaken goal packets before starting a cycle","status":"passed","title":"normalizes structured awaken goal packets before starting a cycle","duration":4.6387039999999615,"failureMessages":[],"meta":{},"tags":[]},{"ancestorTitles":["AgentLoop - Integration Tests","run lifecycle"],"fullName":"AgentLoop - Integration Tests run lifecycle should throw if already running","status":"passed","title":"should throw if already running","duration":3.57186999999999,"failureMessages":[],"meta":{},"tags":[]},{"ancestorTitles":["AgentLoop - Integration Tests","cognitive cycle"],"fullName":"AgentLoop - Integration Tests cognitive cycle should increment cycle on each iteration","status":"passed","title":"should increment cycle on each iteration","duration":3.647656999999981,"failureMessages":[],"meta":{},"tags":[]},{"ancestorTitles":["AgentLoop - Integration Tests","cognitive cycle"],"fullName":"AgentLoop - Integration Tests cognitive cycle should stop at the configured model iteration limit","status":"passed","title":"should stop at the configured model iteration limit","duration":5.958454999999958,"failureMessages":[],"meta":{},"tags":[]},{"ancestorTitles":["AgentLoop - Integration Tests","cognitive cycle"],"fullName":"AgentLoop - Integration Tests cognitive cycle should cap managed server proxy loops at 99 iterations","status":"passed","title":"should cap managed server proxy loops at 99 iterations","duration":31.87537300000008,"failureMessages":[],"meta":{},"tags":[]},{"ancestorTitles":["AgentLoop - Integration Tests","cognitive cycle"],"fullName":"AgentLoop - Integration Tests cognitive cycle should manage context before LLM call","status":"passed","title":"should manage context before LLM call","duration":4.781695000000127,"failureMessages":[],"meta":{},"tags":[]},{"ancestorTitles":["AgentLoop - Integration Tests","cognitive cycle"],"fullName":"AgentLoop - Integration Tests cognitive cycle emits visible history when context compacts","status":"passed","title":"emits visible history when context compacts","duration":4.900501000000077,"failureMessages":[],"meta":{},"tags":[]},{"ancestorTitles":["AgentLoop - Integration Tests","cognitive cycle"],"fullName":"AgentLoop - Integration Tests cognitive cycle should fit managed Zero provider requests inside the function envelope","status":"passed","title":"should fit managed Zero provider requests inside the function envelope","duration":8.05630599999995,"failureMessages":[],"meta":{},"tags":[]},{"ancestorTitles":["AgentLoop - Integration Tests","cognitive cycle"],"fullName":"AgentLoop - Integration Tests cognitive cycle should emit history events","status":"passed","title":"should emit history events","duration":3.9556330000000344,"failureMessages":[],"meta":{},"tags":[]},{"ancestorTitles":["AgentLoop - Integration Tests","cognitive cycle"],"fullName":"AgentLoop - Integration Tests cognitive cycle should emit the initial system prompt as a history event","status":"passed","title":"should emit the initial system prompt as a history event","duration":2.516211999999996,"failureMessages":[],"meta":{},"tags":[]},{"ancestorTitles":["AgentLoop - Integration Tests","cognitive cycle"],"fullName":"AgentLoop - Integration Tests cognitive cycle should emit stream updates via callback","status":"passed","title":"should emit stream updates via callback","duration":1.9931320000000596,"failureMessages":[],"meta":{},"tags":[]},{"ancestorTitles":["AgentLoop - Integration Tests","tool execution"],"fullName":"AgentLoop - Integration Tests tool execution should execute tool calls from response","status":"passed","title":"should execute tool calls from response","duration":2.767063999999891,"failureMessages":[],"meta":{},"tags":[]},{"ancestorTitles":["AgentLoop - Integration Tests","tool execution"],"fullName":"AgentLoop - Integration Tests tool execution executes the full 8-call read-only native batch when available","status":"passed","title":"executes the full 8-call read-only native batch when available","duration":5.773269999999911,"failureMessages":[],"meta":{},"tags":[]},{"ancestorTitles":["AgentLoop - Integration Tests","tool execution"],"fullName":"AgentLoop - Integration Tests tool execution requires a mutating tool after repeated read-only batches on build goals","status":"passed","title":"requires a mutating tool after repeated read-only batches on build goals","duration":4.601118999999926,"failureMessages":[],"meta":{},"tags":[]},{"ancestorTitles":["AgentLoop - Integration Tests","tool execution"],"fullName":"AgentLoop - Integration Tests tool execution treats ok:false mutating results as failures and skips dependent mutations","status":"passed","title":"treats ok:false mutating results as failures and skips dependent mutations","duration":4.946572999999944,"failureMessages":[],"meta":{},"tags":[]},{"ancestorTitles":["AgentLoop - Integration Tests","tool execution"],"fullName":"AgentLoop - Integration Tests tool execution treats worker-returned ok:false tool results as logical failures","status":"passed","title":"treats worker-returned ok:false tool results as logical failures","duration":3.587522999999919,"failureMessages":[],"meta":{},"tags":[]},{"ancestorTitles":["AgentLoop - Integration Tests","tool execution"],"fullName":"AgentLoop - Integration Tests tool execution clears stale LoadModule circuit state after successful promotion","status":"passed","title":"clears stale LoadModule circuit state after successful promotion","duration":2.3123749999999745,"failureMessages":[],"meta":{},"tags":[]},{"ancestorTitles":["AgentLoop - Integration Tests","tool execution"],"fullName":"AgentLoop - Integration Tests tool execution circuit-breaks LoadModule after repeated module load failures","status":"passed","title":"circuit-breaks LoadModule after repeated module load failures","duration":915.396757,"failureMessages":[],"meta":{},"tags":[]},{"ancestorTitles":["AgentLoop - Integration Tests","tool execution"],"fullName":"AgentLoop - Integration Tests tool execution does not circuit-break LoadModule for recoverable precondition failures","status":"passed","title":"does not circuit-break LoadModule for recoverable precondition failures","duration":3.2900440000003073,"failureMessages":[],"meta":{},"tags":[]},{"ancestorTitles":["AgentLoop - Integration Tests","tool execution"],"fullName":"AgentLoop - Integration Tests tool execution parks for tool cooldown resume after successful mutations with a skipped promoted write","status":"passed","title":"parks for tool cooldown resume after successful mutations with a skipped promoted write","duration":6.2421089999998,"failureMessages":[],"meta":{},"tags":[]},{"ancestorTitles":["AgentLoop - Integration Tests","tool execution"],"fullName":"AgentLoop - Integration Tests tool execution should add tool result to context","status":"passed","title":"should add tool result to context","duration":1.8022909999999683,"failureMessages":[],"meta":{},"tags":[]},{"ancestorTitles":["AgentLoop - Integration Tests","tool execution"],"fullName":"AgentLoop - Integration Tests tool execution surfaces tool parse errors to the next model cycle as corrective observations","status":"passed","title":"surfaces tool parse errors to the next model cycle as corrective observations","duration":2.3552130000002762,"failureMessages":[],"meta":{},"tags":[]},{"ancestorTitles":["AgentLoop - Integration Tests","tool execution"],"fullName":"AgentLoop - Integration Tests tool execution should emit tool events","status":"passed","title":"should emit tool events","duration":1.8447430000001077,"failureMessages":[],"meta":{},"tags":[]},{"ancestorTitles":["AgentLoop - Integration Tests","tool execution"],"fullName":"AgentLoop - Integration Tests tool execution should handle tool errors gracefully","status":"passed","title":"should handle tool errors gracefully","duration":304.99676,"failureMessages":[],"meta":{},"tags":[]},{"ancestorTitles":["AgentLoop - Integration Tests","tool execution"],"fullName":"AgentLoop - Integration Tests tool execution should retry ReadFile when the tool returns a safe near-miss path hint","status":"passed","title":"should retry ReadFile when the tool returns a safe near-miss path hint","duration":3.207336999999825,"failureMessages":[],"meta":{},"tags":[]},{"ancestorTitles":["AgentLoop - Integration Tests","tool execution"],"fullName":"AgentLoop - Integration Tests tool execution should limit tool calls per iteration","status":"passed","title":"should limit tool calls per iteration","duration":2.6664919999998347,"failureMessages":[],"meta":{},"tags":[]},{"ancestorTitles":["AgentLoop - Integration Tests","circuit breaker"],"fullName":"AgentLoop - Integration Tests circuit breaker should skip tool when circuit is open after repeated failures","status":"passed","title":"should skip tool when circuit is open after repeated failures","duration":907.6408659999997,"failureMessages":[],"meta":{},"tags":[]},{"ancestorTitles":["AgentLoop - Integration Tests","circuit breaker"],"fullName":"AgentLoop - Integration Tests circuit breaker should not trip circuit for recoverable tool input errors","status":"passed","title":"should not trip circuit for recoverable tool input errors","duration":3.4682340000003933,"failureMessages":[],"meta":{},"tags":[]},{"ancestorTitles":["AgentLoop - Integration Tests","stuck loop detection"],"fullName":"AgentLoop - Integration Tests stuck loop detection should detect when no tools called for too long","status":"passed","title":"should detect when no tools called for too long","duration":3.3226909999998497,"failureMessages":[],"meta":{},"tags":[]},{"ancestorTitles":["AgentLoop - Integration Tests","stuck loop detection"],"fullName":"AgentLoop - Integration Tests stuck loop detection should treat parse-error tool calls as no executable progress","status":"passed","title":"should treat parse-error tool calls as no executable progress","duration":2.943385000000035,"failureMessages":[],"meta":{},"tags":[]},{"ancestorTitles":["AgentLoop - Integration Tests","stuck loop detection"],"fullName":"AgentLoop - Integration Tests stuck loop detection should force stop on repeated short responses","status":"passed","title":"should force stop on repeated short responses","duration":2.612535000000207,"failureMessages":[],"meta":{},"tags":[]},{"ancestorTitles":["AgentLoop - Integration Tests","provider recovery"],"fullName":"AgentLoop - Integration Tests provider recovery should try an alternate configured model after a transient provider error","status":"passed","title":"should try an alternate configured model after a transient provider error","duration":5.198237000000063,"failureMessages":[],"meta":{},"tags":[]},{"ancestorTitles":["AgentLoop - Integration Tests","provider recovery"],"fullName":"AgentLoop - Integration Tests provider recovery should throttle provider requests from model config","status":"passed","title":"should throttle provider requests from model config","duration":4.409403999999995,"failureMessages":[],"meta":{},"tags":[]},{"ancestorTitles":["AgentLoop - Integration Tests","provider recovery"],"fullName":"AgentLoop - Integration Tests provider recovery should throttle every LLM call inside a cycle","status":"passed","title":"should throttle every LLM call inside a cycle","duration":4.321505999999772,"failureMessages":[],"meta":{},"tags":[]},{"ancestorTitles":["AgentLoop - Integration Tests","provider recovery"],"fullName":"AgentLoop - Integration Tests provider recovery should wait the configured interval between successful cycles","status":"passed","title":"should wait the configured interval between successful cycles","duration":3.1299410000001444,"failureMessages":[],"meta":{},"tags":[]},{"ancestorTitles":["AgentLoop - Integration Tests","provider recovery"],"fullName":"AgentLoop - Integration Tests provider recovery should park instead of throwing when every provider candidate is unavailable","status":"passed","title":"should park instead of throwing when every provider candidate is unavailable","duration":3.5933140000001913,"failureMessages":[],"meta":{},"tags":[]},{"ancestorTitles":["AgentLoop - Integration Tests","provider recovery"],"fullName":"AgentLoop - Integration Tests provider recovery should park managed Zero request rejections instead of crashing Boot","status":"passed","title":"should park managed Zero request rejections instead of crashing Boot","duration":2.6304529999997612,"failureMessages":[],"meta":{},"tags":[]},{"ancestorTitles":["AgentLoop - Integration Tests","provider recovery"],"fullName":"AgentLoop - Integration Tests provider recovery should auto-resume parked provider requests with exponential backoff","status":"passed","title":"should auto-resume parked provider requests with exponential backoff","duration":9.33680400000003,"failureMessages":[],"meta":{},"tags":[]},{"ancestorTitles":["AgentLoop - Integration Tests","reflection integration"],"fullName":"AgentLoop - Integration Tests reflection integration should log reflections on tool success","status":"passed","title":"should log reflections on tool success","duration":6.2050789999998415,"failureMessages":[],"meta":{},"tags":[]},{"ancestorTitles":["AgentLoop - Integration Tests","reflection integration"],"fullName":"AgentLoop - Integration Tests reflection integration should log reflections on tool error","status":"passed","title":"should log reflections on tool error","duration":303.66155000000026,"failureMessages":[],"meta":{},"tags":[]},{"ancestorTitles":["AgentLoop - Integration Tests","reflection integration"],"fullName":"AgentLoop - Integration Tests reflection integration should inject failure patterns from ReflectionAnalyzer","status":"passed","title":"should inject failure patterns from ReflectionAnalyzer","duration":2.504750999999942,"failureMessages":[],"meta":{},"tags":[]},{"ancestorTitles":["AgentLoop - Integration Tests","abort/stop"],"fullName":"AgentLoop - Integration Tests abort/stop should stop running agent","status":"passed","title":"should stop running agent","duration":53.14734400000043,"failureMessages":[],"meta":{},"tags":[]},{"ancestorTitles":["AgentLoop - Integration Tests","activity log"],"fullName":"AgentLoop - Integration Tests activity log should track recent activities","status":"passed","title":"should track recent activities","duration":2.592869999999948,"failureMessages":[],"meta":{},"tags":[]},{"ancestorTitles":["AgentLoop - Integration Tests","module metadata"],"fullName":"AgentLoop - Integration Tests module metadata should have correct metadata","status":"passed","title":"should have correct metadata","duration":3.0844609999999193,"failureMessages":[],"meta":{},"tags":[]}],"startTime":1789860973239,"endTime":1789860975965.0845,"status":"passed","message":"","name":"/home/clocksmith/deco/reploid/tests/integration/agent-loop.test.js"},{"assertionResults":[{"ancestorTitles":["zero execution contract"],"fullName":"zero execution contract interprets native calls, grows a tool, records its result and detaches checkpoint state","status":"passed","title":"interprets native calls, grows a tool, records its result and detaches checkpoint state","duration":24.026837999999998,"failureMessages":[],"meta":{},"tags":[]},{"ancestorTitles":["zero execution contract"],"fullName":"zero execution contract denies a tool without invoking it and retains the denial observation","status":"passed","title":"denies a tool without invoking it and retains the denial observation","duration":4.583694000000037,"failureMessages":[],"meta":{},"tags":[]},{"ancestorTitles":["zero execution contract"],"fullName":"zero execution contract cancels provider observation, suppresses late results and waits for borrowed work on close","status":"passed","title":"cancels provider observation, suppresses late results and waits for borrowed work on close","duration":2.4299419999999827,"failureMessages":[],"meta":{},"tags":[]},{"ancestorTitles":["x execution contract"],"fullName":"x execution contract interprets native calls, grows a tool, records its result and detaches checkpoint state","status":"passed","title":"interprets native calls, grows a tool, records its result and detaches checkpoint state","duration":4.089087000000063,"failureMessages":[],"meta":{},"tags":[]},{"ancestorTitles":["x execution contract"],"fullName":"x execution contract denies a tool without invoking it and retains the denial observation","status":"passed","title":"denies a tool without invoking it and retains the denial observation","duration":3.4525859999999966,"failureMessages":[],"meta":{},"tags":[]},{"ancestorTitles":["x execution contract"],"fullName":"x execution contract cancels provider observation, suppresses late results and waits for borrowed work on close","status":"passed","title":"cancels provider observation, suppresses late results and waits for borrowed work on close","duration":2.1266070000000354,"failureMessages":[],"meta":{},"tags":[]},{"ancestorTitles":["work execution contract"],"fullName":"work execution contract interprets native calls, grows a tool, records its result and detaches checkpoint state","status":"passed","title":"interprets native calls, grows a tool, records its result and detaches checkpoint state","duration":18.03650099999993,"failureMessages":[],"meta":{},"tags":[]},{"ancestorTitles":["work execution contract"],"fullName":"work execution contract denies a tool without invoking it and retains the denial observation","status":"passed","title":"denies a tool without invoking it and retains the denial observation","duration":3.4898640000000114,"failureMessages":[],"meta":{},"tags":[]},{"ancestorTitles":["work execution contract"],"fullName":"work execution contract cancels provider observation, suppresses late results and waits for borrowed work on close","status":"passed","title":"cancels provider observation, suppresses late results and waits for borrowed work on close","duration":1.8734610000000202,"failureMessages":[],"meta":{},"tags":[]},{"ancestorTitles":[],"fullName":"X can compose a coordinator while preserving cancellation and inherited authority ceilings","status":"passed","title":"X can compose a coordinator while preserving cancellation and inherited authority ceilings","duration":2.476236999999969,"failureMessages":[],"meta":{},"tags":[]}],"startTime":1789860998208,"endTime":1789860998275.4763,"status":"passed","message":"","name":"/home/clocksmith/deco/reploid/tests/integration/agent-surface-contract.test.js"},{"assertionResults":[{"ancestorTitles":["ArenaHarness - Integration Tests"],"fullName":"ArenaHarness - Integration Tests runs a single competitor and passes verification","status":"passed","title":"runs a single competitor and passes verification","duration":13.736728999999968,"failureMessages":[],"meta":{},"tags":[]},{"ancestorTitles":["ArenaHarness - Integration Tests"],"fullName":"ArenaHarness - Integration Tests marks failures when verification fails","status":"passed","title":"marks failures when verification fails","duration":1.8033719999999676,"failureMessages":[],"meta":{},"tags":[]},{"ancestorTitles":["ArenaHarness - Integration Tests"],"fullName":"ArenaHarness - Integration Tests ranks multiple competitors by execution time","status":"passed","title":"ranks multiple competitors by execution time","duration":1.1768190000000232,"failureMessages":[],"meta":{},"tags":[]},{"ancestorTitles":["ArenaHarness - Integration Tests"],"fullName":"ArenaHarness - Integration Tests flags proposal timeouts as errors","status":"passed","title":"flags proposal timeouts as errors","duration":4.914107999999942,"failureMessages":[],"meta":{},"tags":[]},{"ancestorTitles":["ArenaHarness - Integration Tests"],"fullName":"ArenaHarness - Integration Tests restores VFS snapshot between competitors","status":"passed","title":"restores VFS snapshot between competitors","duration":1.609303000000068,"failureMessages":[],"meta":{},"tags":[]}],"startTime":1789861026375,"endTime":1789861026399.6094,"status":"passed","message":"","name":"/home/clocksmith/deco/reploid/tests/integration/arena-harness.test.js"},{"assertionResults":[{"ancestorTitles":["Boot Goal Generator - Integration Tests"],"fullName":"Boot Goal Generator - Integration Tests uses a hidden browser-RSI seed prompt with the selected Gemini model","status":"passed","title":"uses a hidden browser-RSI seed prompt with the selected Gemini model","duration":10.238830000000007,"failureMessages":[],"meta":{},"tags":[]},{"ancestorTitles":["Boot Goal Generator - Integration Tests"],"fullName":"Boot Goal Generator - Integration Tests retries Gemini goal generation without generationConfig after a 400","status":"passed","title":"retries Gemini goal generation without generationConfig after a 400","duration":4.137225000000058,"failureMessages":[],"meta":{},"tags":[]}],"startTime":1789861031071,"endTime":1789861031085.1372,"status":"passed","message":"","name":"/home/clocksmith/deco/reploid/tests/integration/boot-goal-generator.test.js"},{"assertionResults":[{"ancestorTitles":["Change-control hosted service"],"fullName":"Change-control hosted service governs approval, activation, automatic reopening, and controlled rollback","status":"passed","title":"governs approval, activation, automatic reopening, and controlled rollback","duration":159.87961099999995,"failureMessages":[],"meta":{},"tags":[]},{"ancestorTitles":["Change-control hosted service"],"fullName":"Change-control hosted service enforces organization and role boundaries without revealing foreign passports","status":"passed","title":"enforces organization and role boundaries without revealing foreign passports","duration":9.486953999999969,"failureMessages":[],"meta":{},"tags":[]},{"ancestorTitles":["Change-control hosted service"],"fullName":"Change-control hosted service returns idempotent retries and rejects concurrent stale appends","status":"passed","title":"returns idempotent retries and rejects concurrent stale appends","duration":14.553541999999993,"failureMessages":[],"meta":{},"tags":[]},{"ancestorTitles":["Change-control hosted service"],"fullName":"Change-control hosted service reconstructs the same verified projection after a durable-store restart","status":"passed","title":"reconstructs the same verified projection after a durable-store restart","duration":11.017399999999952,"failureMessages":[],"meta":{},"tags":[]},{"ancestorTitles":["Change-control hosted service"],"fullName":"Change-control hosted service exposes authenticated API routes and verifies durable GitHub webhook deliveries","status":"passed","title":"exposes authenticated API routes and verifies durable GitHub webhook deliveries","duration":62.1899259999999,"failureMessages":[],"meta":{},"tags":[]},{"ancestorTitles":["Change-control hosted service"],"fullName":"Change-control hosted service surfaces GitHub required-check failures without changing decision state","status":"passed","title":"surfaces GitHub required-check failures without changing decision state","duration":4.15370299999995,"failureMessages":[],"meta":{},"tags":[]},{"ancestorTitles":["Change-control hosted service"],"fullName":"Change-control hosted service blocks force-pushed, forked, dismissed-review, and uninstalled GitHub authority changes","status":"passed","title":"blocks force-pushed, forked, dismissed-review, and uninstalled GitHub authority changes","duration":125.50754000000006,"failureMessages":[],"meta":{},"tags":[]},{"ancestorTitles":["Change-control hosted service"],"fullName":"Change-control hosted service executes authorized effects and rollback adapters once across idempotent retries","status":"passed","title":"executes authorized effects and rollback adapters once across idempotent retries","duration":240.57872999999995,"failureMessages":[],"meta":{},"tags":[]},{"ancestorTitles":["Change-control hosted service"],"fullName":"Change-control hosted service scopes caller-supplied effect identities to each passport","status":"passed","title":"scopes caller-supplied effect identities to each passport","duration":142.05094699999995,"failureMessages":[],"meta":{},"tags":[]},{"ancestorTitles":["Change-control hosted service"],"fullName":"Change-control hosted service repairs interrupted effect and rollback ledgers without repeating external actions","status":"passed","title":"repairs interrupted effect and rollback ledgers without repeating external actions","duration":189.3820800000001,"failureMessages":[],"meta":{},"tags":[]}],"startTime":1789860981428,"endTime":1789860982387.382,"status":"passed","message":"","name":"/home/clocksmith/deco/reploid/tests/integration/change-control-service.test.js"},{"assertionResults":[{"ancestorTitles":["Change Passport GitHub Action"],"fullName":"Change Passport GitHub Action hashes admitted artifacts, freezes their manifest, and reports a blocked human-review gate","status":"passed","title":"hashes admitted artifacts, freezes their manifest, and reports a blocked human-review gate","duration":97.09443199999998,"failureMessages":[],"meta":{},"tags":[]},{"ancestorTitles":["Change Passport GitHub Action"],"fullName":"Change Passport GitHub Action rejects a manifest bound to a stale candidate revision before network activity","status":"passed","title":"rejects a manifest bound to a stale candidate revision before network activity","duration":3.6665739999999687,"failureMessages":[],"meta":{},"tags":[]},{"ancestorTitles":["Change Passport GitHub Action"],"fullName":"Change Passport GitHub Action refuses to attach CI evidence to an existing passport with different frozen identities","status":"passed","title":"refuses to attach CI evidence to an existing passport with different frozen identities","duration":15.04395199999999,"failureMessages":[],"meta":{},"tags":[]}],"startTime":1789860992796,"endTime":1789860992912.044,"status":"passed","message":"","name":"/home/clocksmith/deco/reploid/tests/integration/change-passport-action.test.js"},{"assertionResults":[{"ancestorTitles":[],"fullName":"runs through the shared engine, retains predictions, and only recommends a repair","status":"passed","title":"runs through the shared engine, retains predictions, and only recommends a repair","duration":11.394229999999993,"failureMessages":[],"meta":{},"tags":[]},{"ancestorTitles":[],"fullName":"preserves host and configuration gates without updating belief on denial","status":"passed","title":"preserves host and configuration gates without updating belief on denial","duration":4.6851689999999735,"failureMessages":[],"meta":{},"tags":[]},{"ancestorTitles":[],"fullName":"retains rejected observations and failure costs without fabricating a posterior","status":"passed","title":"retains rejected observations and failure costs without fabricating a posterior","duration":2.728798999999981,"failureMessages":[],"meta":{},"tags":[]},{"ancestorTitles":[],"fullName":"rejects duplicate evidence across otherwise distinct probes","status":"passed","title":"rejects duplicate evidence across otherwise distinct probes","duration":2.819247999999959,"failureMessages":[],"meta":{},"tags":[]},{"ancestorTitles":[],"fullName":"cancels promptly, suppresses late observations, and waits for borrowed work on close","status":"passed","title":"cancels promptly, suppresses late observations, and waits for borrowed work on close","duration":6.159896000000003,"failureMessages":[],"meta":{},"tags":[]},{"ancestorTitles":[],"fullName":"obeys the tighter engine cycle budget and keeps failure attempts charged","status":"passed","title":"obeys the tighter engine cycle budget and keeps failure attempts charged","duration":3.839219999999955,"failureMessages":[],"meta":{},"tags":[]},{"ancestorTitles":[],"fullName":"handles cancellation before dispatch and enforces checkpoint byte limits","status":"passed","title":"handles cancellation before dispatch and enforces checkpoint byte limits","duration":2.409321000000091,"failureMessages":[],"meta":{},"tags":[]}],"startTime":1789861000749,"endTime":1789861000783.4094,"status":"passed","message":"","name":"/home/clocksmith/deco/reploid/tests/integration/diagnostic-strategy.test.js"},{"assertionResults":[{"ancestorTitles":["Doppler Arena Integration","Base Model Management"],"fullName":"Doppler Arena Integration Base Model Management loads base model","status":"passed","title":"loads base model","duration":2.1302590000000237,"failureMessages":[],"meta":{},"tags":[]},{"ancestorTitles":["Doppler Arena Integration","Adapter Management"],"fullName":"Doppler Arena Integration Adapter Management loads and caches adapters","status":"passed","title":"loads and caches adapters","duration":1.4285359999998946,"failureMessages":[],"meta":{},"tags":[]},{"ancestorTitles":["Doppler Arena Integration","Adapter Management"],"fullName":"Doppler Arena Integration Adapter Management switches between adapters","status":"passed","title":"switches between adapters","duration":0.37189599999999245,"failureMessages":[],"meta":{},"tags":[]},{"ancestorTitles":["Doppler Arena Integration","Adapter Management"],"fullName":"Doppler Arena Integration Adapter Management switches to base model (null adapter)","status":"passed","title":"switches to base model (null adapter)","duration":0.363742000000002,"failureMessages":[],"meta":{},"tags":[]},{"ancestorTitles":["Doppler Arena Integration","Adapter Management"],"fullName":"Doppler Arena Integration Adapter Management throws on switching to non-existent adapter","status":"passed","title":"throws on switching to non-existent adapter","duration":1.6602629999999863,"failureMessages":[],"meta":{},"tags":[]},{"ancestorTitles":["Doppler Arena Integration","Inference with Adapters"],"fullName":"Doppler Arena Integration Inference with Adapters runs inference with active adapter","status":"passed","title":"runs inference with active adapter","duration":0.5725490000000946,"failureMessages":[],"meta":{},"tags":[]},{"ancestorTitles":["Doppler Arena Integration","Inference with Adapters"],"fullName":"Doppler Arena Integration Inference with Adapters runs inference without adapter (base model)","status":"passed","title":"runs inference without adapter (base model)","duration":0.23272499999995944,"failureMessages":[],"meta":{},"tags":[]},{"ancestorTitles":["Doppler Arena Integration","Arena Expert Pool Competitions"],"fullName":"Doppler Arena Integration Arena Expert Pool Competitions runs competition between multiple adapters","status":"passed","title":"runs competition between multiple adapters","duration":0.9251020000000381,"failureMessages":[],"meta":{},"tags":[]},{"ancestorTitles":["Doppler Arena Integration","Arena Expert Pool Competitions"],"fullName":"Doppler Arena Integration Arena Expert Pool Competitions emits arena events","status":"passed","title":"emits arena events","duration":0.8307590000000573,"failureMessages":[],"meta":{},"tags":[]},{"ancestorTitles":["Doppler Arena Integration","Arena Expert Pool Competitions"],"fullName":"Doppler Arena Integration Arena Expert Pool Competitions calculates passRate correctly","status":"passed","title":"calculates passRate correctly","duration":0.5005610000000615,"failureMessages":[],"meta":{},"tags":[]},{"ancestorTitles":["Doppler Arena Integration","Adapter Composition"],"fullName":"Doppler Arena Integration Adapter Composition merges adapters with add strategy","status":"passed","title":"merges adapters with add strategy","duration":0.5690519999999424,"failureMessages":[],"meta":{},"tags":[]},{"ancestorTitles":["Doppler Arena Integration","Adapter Composition"],"fullName":"Doppler Arena Integration Adapter Composition merges adapters with lerp strategy","status":"passed","title":"merges adapters with lerp strategy","duration":0.27337199999999484,"failureMessages":[],"meta":{},"tags":[]},{"ancestorTitles":["Doppler Arena Integration","Adapter Composition"],"fullName":"Doppler Arena Integration Adapter Composition respects weights in lerp merge","status":"passed","title":"respects weights in lerp merge","duration":0.18714399999998932,"failureMessages":[],"meta":{},"tags":[]},{"ancestorTitles":["Doppler Arena Integration","Adapter Composition"],"fullName":"Doppler Arena Integration Adapter Composition handles single adapter (no merge)","status":"passed","title":"handles single adapter (no merge)","duration":0.12629800000001978,"failureMessages":[],"meta":{},"tags":[]},{"ancestorTitles":["Doppler Arena Integration","Adapter Composition"],"fullName":"Doppler Arena Integration Adapter Composition throws on empty adapter list","status":"passed","title":"throws on empty adapter list","duration":0.24495200000001205,"failureMessages":[],"meta":{},"tags":[]},{"ancestorTitles":["Arena passRate with Adapter Switching"],"fullName":"Arena passRate with Adapter Switching tracks improvement with specialized adapters","status":"passed","title":"tracks improvement with specialized adapters","duration":1.8114269999999806,"failureMessages":[],"meta":{},"tags":[]},{"ancestorTitles":["Arena passRate with Adapter Switching"],"fullName":"Arena passRate with Adapter Switching measures net improvement over iterations","status":"passed","title":"measures net improvement over iterations","duration":1.1325110000000222,"failureMessages":[],"meta":{},"tags":[]}],"startTime":1789861025739,"endTime":1789861025754.1326,"status":"passed","message":"","name":"/home/clocksmith/deco/reploid/tests/integration/doppler-arena.test.js"},{"assertionResults":[{"ancestorTitles":["Doppler Inference Validation","Provider Initialization"],"fullName":"Doppler Inference Validation Provider Initialization initializes successfully","status":"passed","title":"initializes successfully","duration":2.0701179999999795,"failureMessages":[],"meta":{},"tags":[]},{"ancestorTitles":["Doppler Inference Validation","Provider Initialization"],"fullName":"Doppler Inference Validation Provider Initialization reports correct tier level","status":"passed","title":"reports correct tier level","duration":1.0344379999999092,"failureMessages":[],"meta":{},"tags":[]},{"ancestorTitles":["Doppler Inference Validation","Provider Initialization"],"fullName":"Doppler Inference Validation Provider Initialization reports max model size based on tier","status":"passed","title":"reports max model size based on tier","duration":0.2778489999999465,"failureMessages":[],"meta":{},"tags":[]},{"ancestorTitles":["Doppler Inference Validation","Model Loading"],"fullName":"Doppler Inference Validation Model Loading loads model successfully","status":"passed","title":"loads model successfully","duration":0.4063659999999345,"failureMessages":[],"meta":{},"tags":[]},{"ancestorTitles":["Doppler Inference Validation","Model Loading"],"fullName":"Doppler Inference Validation Model Loading reports progress during loading","status":"passed","title":"reports progress during loading","duration":0.2413859999999204,"failureMessages":[],"meta":{},"tags":[]},{"ancestorTitles":["Doppler Inference Validation","Text Generation"],"fullName":"Doppler Inference Validation Text Generation generates coherent text","status":"passed","title":"generates coherent text","duration":0.393053000000009,"failureMessages":[],"meta":{},"tags":[]},{"ancestorTitles":["Doppler Inference Validation","Text Generation"],"fullName":"Doppler Inference Validation Text Generation streams tokens correctly","status":"passed","title":"streams tokens correctly","duration":111.29301600000008,"failureMessages":[],"meta":{},"tags":[]},{"ancestorTitles":["Doppler Inference Validation","Text Generation"],"fullName":"Doppler Inference Validation Text Generation respects maxTokens parameter","status":"passed","title":"respects maxTokens parameter","duration":0.26214600000002974,"failureMessages":[],"meta":{},"tags":[]},{"ancestorTitles":["Doppler Inference Validation","LoRA Adapter Support"],"fullName":"Doppler Inference Validation LoRA Adapter Support loads LoRA adapter by name","status":"passed","title":"loads LoRA adapter by name","duration":0.43597299999998995,"failureMessages":[],"meta":{},"tags":[]},{"ancestorTitles":["Doppler Inference Validation","LoRA Adapter Support"],"fullName":"Doppler Inference Validation LoRA Adapter Support loads LoRA adapter from manifest object","status":"passed","title":"loads LoRA adapter from manifest object","duration":0.2488140000000385,"failureMessages":[],"meta":{},"tags":[]},{"ancestorTitles":["Doppler Inference Validation","LoRA Adapter Support"],"fullName":"Doppler Inference Validation LoRA Adapter Support unloads LoRA adapter","status":"passed","title":"unloads LoRA adapter","duration":0.18045500000005177,"failureMessages":[],"meta":{},"tags":[]},{"ancestorTitles":["Doppler Inference Validation","LoRA Adapter Support"],"fullName":"Doppler Inference Validation LoRA Adapter Support switches between adapters","status":"passed","title":"switches between adapters","duration":0.17616500000008273,"failureMessages":[],"meta":{},"tags":[]},{"ancestorTitles":["Doppler Performance Metrics"],"fullName":"Doppler Performance Metrics measures token generation speed","status":"passed","title":"measures token generation speed","duration":150.70189700000003,"failureMessages":[],"meta":{},"tags":[]},{"ancestorTitles":["Doppler Performance Metrics"],"fullName":"Doppler Performance Metrics calculates time-to-first-token (TTFT)","status":"passed","title":"calculates time-to-first-token (TTFT)","duration":52.681677000000036,"failureMessages":[],"meta":{},"tags":[]},{"ancestorTitles":["GPU Requirements Documentation"],"fullName":"GPU Requirements Documentation documents minimum GPU requirements","status":"passed","title":"documents minimum GPU requirements","duration":1.1751330000000735,"failureMessages":[],"meta":{},"tags":[]},{"ancestorTitles":["GPU Requirements Documentation"],"fullName":"GPU Requirements Documentation documents WebGPU tier levels","status":"passed","title":"documents WebGPU tier levels","duration":0.4899560000000065,"failureMessages":[],"meta":{},"tags":[]}],"startTime":1789860985761,"endTime":1789860986084.49,"status":"passed","message":"","name":"/home/clocksmith/deco/reploid/tests/integration/doppler-inference.test.js"},{"assertionResults":[{"ancestorTitles":["installed Doppler generation contract"],"fullName":"installed Doppler generation contract carries Reploid requests to public inference and checked completion records","status":"skipped","title":"carries Reploid requests to public inference and checked completion records","failureMessages":[],"meta":{},"tags":[]}],"startTime":1789860972055,"endTime":1789860972055,"status":"passed","message":"","name":"/home/clocksmith/deco/reploid/tests/integration/doppler-installed-generation.test.js"},{"assertionResults":[{"ancestorTitles":["Doppler signed-Capsule public API handoff"],"fullName":"Doppler signed-Capsule public API handoff binds peer-only reconstruction, migration, opening, execution receipts, and assignment rejection","status":"skipped","title":"binds peer-only reconstruction, migration, opening, execution receipts, and assignment rejection","failureMessages":[],"meta":{},"tags":[]}],"startTime":1789860972055,"endTime":1789860972055,"status":"passed","message":"","name":"/home/clocksmith/deco/reploid/tests/integration/doppler-pack-handoff.test.js"},{"assertionResults":[{"ancestorTitles":["Sentinel FSM - Integration Tests","State Machine Basics"],"fullName":"Sentinel FSM - Integration Tests State Machine Basics should initialize in IDLE state","status":"passed","title":"should initialize in IDLE state","duration":2.480807000000027,"failureMessages":[],"meta":{},"tags":[]},{"ancestorTitles":["Sentinel FSM - Integration Tests","State Machine Basics"],"fullName":"Sentinel FSM - Integration Tests State Machine Basics should define all required states","status":"passed","title":"should define all required states","duration":4.5028579999999465,"failureMessages":[],"meta":{},"tags":[]},{"ancestorTitles":["Sentinel FSM - Integration Tests","State Machine Basics"],"fullName":"Sentinel FSM - Integration Tests State Machine Basics should have valid state transitions","status":"passed","title":"should have valid state transitions","duration":0.3928399999999783,"failureMessages":[],"meta":{},"tags":[]},{"ancestorTitles":["Sentinel FSM - Integration Tests","State Validation"],"fullName":"Sentinel FSM - Integration Tests State Validation should validate FSM states are unique","status":"passed","title":"should validate FSM states are unique","duration":0.2480830000000651,"failureMessages":[],"meta":{},"tags":[]},{"ancestorTitles":["Sentinel FSM - Integration Tests","State Validation"],"fullName":"Sentinel FSM - Integration Tests State Validation should have all states as uppercase strings","status":"passed","title":"should have all states as uppercase strings","duration":0.7287390000000187,"failureMessages":[],"meta":{},"tags":[]},{"ancestorTitles":["Sentinel FSM - Integration Tests","FSM Event Emissions"],"fullName":"Sentinel FSM - Integration Tests FSM Event Emissions should define expected FSM events","status":"passed","title":"should define expected FSM events","duration":0.7271879999999555,"failureMessages":[],"meta":{},"tags":[]},{"ancestorTitles":["Sentinel FSM - Integration Tests","FSM Event Emissions"],"fullName":"Sentinel FSM - Integration Tests FSM Event Emissions should validate event naming convention","status":"passed","title":"should validate event naming convention","duration":0.4466229999999314,"failureMessages":[],"meta":{},"tags":[]},{"ancestorTitles":["Sentinel FSM - Integration Tests","Human-in-the-Loop States"],"fullName":"Sentinel FSM - Integration Tests Human-in-the-Loop States should identify approval states","status":"passed","title":"should identify approval states","duration":0.41378500000007534,"failureMessages":[],"meta":{},"tags":[]},{"ancestorTitles":["Sentinel FSM - Integration Tests","Human-in-the-Loop States"],"fullName":"Sentinel FSM - Integration Tests Human-in-the-Loop States should validate approval state transitions","status":"passed","title":"should validate approval state transitions","duration":0.6466070000000173,"failureMessages":[],"meta":{},"tags":[]},{"ancestorTitles":["Sentinel FSM - Integration Tests","Error Handling"],"fullName":"Sentinel FSM - Integration Tests Error Handling should allow transition to ERROR from any state","status":"passed","title":"should allow transition to ERROR from any state","duration":4.6326720000000705,"failureMessages":[],"meta":{},"tags":[]},{"ancestorTitles":["Sentinel FSM - Integration Tests","Error Handling"],"fullName":"Sentinel FSM - Integration Tests Error Handling should allow ERROR state to reset to IDLE","status":"passed","title":"should allow ERROR state to reset to IDLE","duration":0.2525020000000495,"failureMessages":[],"meta":{},"tags":[]},{"ancestorTitles":["Sentinel FSM - Integration Tests","State Machine Completeness"],"fullName":"Sentinel FSM - Integration Tests State Machine Completeness should have terminal states","status":"passed","title":"should have terminal states","duration":1.284748000000036,"failureMessages":[],"meta":{},"tags":[]},{"ancestorTitles":["Sentinel FSM - Integration Tests","State Machine Completeness"],"fullName":"Sentinel FSM - Integration Tests State Machine Completeness should have entry point","status":"passed","title":"should have entry point","duration":0.1682589999999209,"failureMessages":[],"meta":{},"tags":[]},{"ancestorTitles":["Sentinel FSM - Integration Tests","State Machine Completeness"],"fullName":"Sentinel FSM - Integration Tests State Machine Completeness should support full cycle","status":"passed","title":"should support full cycle","duration":0.22626999999999953,"failureMessages":[],"meta":{},"tags":[]},{"ancestorTitles":["Sentinel FSM - Integration Tests","Reflection Phase"],"fullName":"Sentinel FSM - Integration Tests Reflection Phase should have reflection state after applying changes","status":"passed","title":"should have reflection state after applying changes","duration":0.136841000000004,"failureMessages":[],"meta":{},"tags":[]},{"ancestorTitles":["Sentinel FSM - Integration Tests","Reflection Phase"],"fullName":"Sentinel FSM - Integration Tests Reflection Phase should store learnings from reflection","status":"passed","title":"should store learnings from reflection","duration":0.4918910000000096,"failureMessages":[],"meta":{},"tags":[]},{"ancestorTitles":["Sentinel FSM - Integration Tests","Self-Testing Integration"],"fullName":"Sentinel FSM - Integration Tests Self-Testing Integration should validate tests before applying changes","status":"passed","title":"should validate tests before applying changes","duration":3.338604000000032,"failureMessages":[],"meta":{},"tags":[]},{"ancestorTitles":["Sentinel FSM - Integration Tests","Self-Testing Integration"],"fullName":"Sentinel FSM - Integration Tests Self-Testing Integration should block changes if tests fail threshold","status":"passed","title":"should block changes if tests fail threshold","duration":0.21518200000002707,"failureMessages":[],"meta":{},"tags":[]}],"startTime":1789861028755,"endTime":1789861028782.215,"status":"passed","message":"","name":"/home/clocksmith/deco/reploid/tests/integration/fsm.test.js"},{"assertionResults":[{"ancestorTitles":["GenesisSnapshot - Integration Tests","Lifeboat"],"fullName":"GenesisSnapshot - Integration Tests Lifeboat creates lifeboat from core and infrastructure files","status":"passed","title":"creates lifeboat from core and infrastructure files","duration":10.514087000000018,"failureMessages":[],"meta":{},"tags":[]},{"ancestorTitles":["GenesisSnapshot - Integration Tests","Lifeboat"],"fullName":"GenesisSnapshot - Integration Tests Lifeboat restores from lifeboat after VFS corruption","status":"passed","title":"restores from lifeboat after VFS corruption","duration":1.8801590000000488,"failureMessages":[],"meta":{},"tags":[]},{"ancestorTitles":["GenesisSnapshot - Integration Tests","Lifeboat"],"fullName":"GenesisSnapshot - Integration Tests Lifeboat hasLifeboat returns true after creation","status":"passed","title":"hasLifeboat returns true after creation","duration":1.1526219999999512,"failureMessages":[],"meta":{},"tags":[]},{"ancestorTitles":["GenesisSnapshot - Integration Tests","Lifeboat"],"fullName":"GenesisSnapshot - Integration Tests Lifeboat getLifeboatInfo returns metadata","status":"passed","title":"getLifeboatInfo returns metadata","duration":1.3334969999999657,"failureMessages":[],"meta":{},"tags":[]},{"ancestorTitles":["GenesisSnapshot - Integration Tests","Lifeboat"],"fullName":"GenesisSnapshot - Integration Tests Lifeboat handles empty lifeboat gracefully","status":"passed","title":"handles empty lifeboat gracefully","duration":0.6866990000000897,"failureMessages":[],"meta":{},"tags":[]},{"ancestorTitles":["GenesisSnapshot - Integration Tests","Lifeboat"],"fullName":"GenesisSnapshot - Integration Tests Lifeboat fails restore gracefully when no lifeboat exists","status":"passed","title":"fails restore gracefully when no lifeboat exists","duration":0.7443099999999276,"failureMessages":[],"meta":{},"tags":[]},{"ancestorTitles":["GenesisSnapshot - Integration Tests","Snapshots"],"fullName":"GenesisSnapshot - Integration Tests Snapshots creates and restores VFS snapshot","status":"passed","title":"creates and restores VFS snapshot","duration":2.221822999999972,"failureMessages":[],"meta":{},"tags":[]},{"ancestorTitles":["GenesisSnapshot - Integration Tests","Snapshots"],"fullName":"GenesisSnapshot - Integration Tests Snapshots lists available snapshots","status":"passed","title":"lists available snapshots","duration":1.1494349999999258,"failureMessages":[],"meta":{},"tags":[]},{"ancestorTitles":["GenesisSnapshot - Integration Tests","RSI Safety Integration"],"fullName":"GenesisSnapshot - Integration Tests RSI Safety Integration lifeboat survives complete VFS wipe","status":"passed","title":"lifeboat survives complete VFS wipe","duration":1.28756199999998,"failureMessages":[],"meta":{},"tags":[]}],"startTime":1789861029588,"endTime":1789861029610.2876,"status":"passed","message":"","name":"/home/clocksmith/deco/reploid/tests/integration/genesis-snapshot.test.js"},{"assertionResults":[{"ancestorTitles":["GEPA Optimizer - Integration Tests","Module metadata"],"fullName":"GEPA Optimizer - Integration Tests Module metadata should have correct metadata","status":"passed","title":"should have correct metadata","duration":7.6006609999999455,"failureMessages":[],"meta":{},"tags":[]},{"ancestorTitles":["GEPA Optimizer - Integration Tests","evolve() - basic evolution"],"fullName":"GEPA Optimizer - Integration Tests evolve() - basic evolution should run evolution with successful evaluations","status":"passed","title":"should run evolution with successful evaluations","duration":4.7216920000000755,"failureMessages":[],"meta":{},"tags":[]},{"ancestorTitles":["GEPA Optimizer - Integration Tests","evolve() - basic evolution"],"fullName":"GEPA Optimizer - Integration Tests evolve() - basic evolution should emit lifecycle events","status":"passed","title":"should emit lifecycle events","duration":2.0003909999999223,"failureMessages":[],"meta":{},"tags":[]},{"ancestorTitles":["GEPA Optimizer - Integration Tests","evolve() - basic evolution"],"fullName":"GEPA Optimizer - Integration Tests evolve() - basic evolution should throw on missing evaluationModel","status":"passed","title":"should throw on missing evaluationModel","duration":2.331222000000025,"failureMessages":[],"meta":{},"tags":[]},{"ancestorTitles":["GEPA Optimizer - Integration Tests","evolve() - basic evolution"],"fullName":"GEPA Optimizer - Integration Tests evolve() - basic evolution should throw on empty taskSet","status":"passed","title":"should throw on empty taskSet","duration":0.984185000000025,"failureMessages":[],"meta":{},"tags":[]},{"ancestorTitles":["GEPA Optimizer - Integration Tests","Reflection on failures"],"fullName":"GEPA Optimizer - Integration Tests Reflection on failures should generate reflections for failed evaluations","status":"passed","title":"should generate reflections for failed evaluations","duration":1.8878899999999703,"failureMessages":[],"meta":{},"tags":[]},{"ancestorTitles":["GEPA Optimizer - Integration Tests","Pareto selection"],"fullName":"GEPA Optimizer - Integration Tests Pareto selection should select candidates based on multi-objective dominance","status":"passed","title":"should select candidates based on multi-objective dominance","duration":9.088489999999979,"failureMessages":[],"meta":{},"tags":[]},{"ancestorTitles":["GEPA Optimizer - Integration Tests","VFS checkpoints"],"fullName":"GEPA Optimizer - Integration Tests VFS checkpoints should save checkpoint after each generation","status":"passed","title":"should save checkpoint after each generation","duration":1.548406,"failureMessages":[],"meta":{},"tags":[]},{"ancestorTitles":["GEPA Optimizer - Integration Tests","Unsupported target types"],"fullName":"GEPA Optimizer - Integration Tests Unsupported target types should throw for unsupported targetType","status":"passed","title":"should throw for unsupported targetType","duration":2.0087429999999813,"failureMessages":[],"meta":{},"tags":[]},{"ancestorTitles":["GEPA Optimizer - Integration Tests","getStatus()"],"fullName":"GEPA Optimizer - Integration Tests getStatus() should return current evolution status","status":"passed","title":"should return current evolution status","duration":1.8432929999999033,"failureMessages":[],"meta":{},"tags":[]},{"ancestorTitles":["GEPA Optimizer - Integration Tests","Checkpoint resume"],"fullName":"GEPA Optimizer - Integration Tests Checkpoint resume should load checkpoint from VFS","status":"passed","title":"should load checkpoint from VFS","duration":1.1199690000000828,"failureMessages":[],"meta":{},"tags":[]},{"ancestorTitles":["GEPA Optimizer - Integration Tests","Checkpoint resume"],"fullName":"GEPA Optimizer - Integration Tests Checkpoint resume should list available checkpoints","status":"passed","title":"should list available checkpoints","duration":0.9420590000000857,"failureMessages":[],"meta":{},"tags":[]},{"ancestorTitles":["GEPA Optimizer - Integration Tests","Checkpoint resume"],"fullName":"GEPA Optimizer - Integration Tests Checkpoint resume should resume evolution from checkpoint","status":"passed","title":"should resume evolution from checkpoint","duration":1.588816999999949,"failureMessages":[],"meta":{},"tags":[]},{"ancestorTitles":["GEPA Optimizer - Integration Tests","Checkpoint resume"],"fullName":"GEPA Optimizer - Integration Tests Checkpoint resume should return complete message if already at max generations","status":"passed","title":"should return complete message if already at max generations","duration":0.6305720000000292,"failureMessages":[],"meta":{},"tags":[]},{"ancestorTitles":["GEPA Optimizer - Integration Tests","Error classification"],"fullName":"GEPA Optimizer - Integration Tests Error classification should classify different error types","status":"passed","title":"should classify different error types","duration":1.3326409999999669,"failureMessages":[],"meta":{},"tags":[]},{"ancestorTitles":["GEPA Optimizer - Integration Tests","Cost tracking"],"fullName":"GEPA Optimizer - Integration Tests Cost tracking should track token usage in scores","status":"passed","title":"should track token usage in scores","duration":0.891791000000012,"failureMessages":[],"meta":{},"tags":[]},{"ancestorTitles":["GEPA Optimizer - Integration Tests","Enhanced checkpoint data"],"fullName":"GEPA Optimizer - Integration Tests Enhanced checkpoint data should save checkpoint with comprehensive metrics","status":"passed","title":"should save checkpoint with comprehensive metrics","duration":1.2886629999999286,"failureMessages":[],"meta":{},"tags":[]},{"ancestorTitles":["GEPA Optimizer - Integration Tests","Enhanced checkpoint data"],"fullName":"GEPA Optimizer - Integration Tests Enhanced checkpoint data should emit checkpoint saved event","status":"passed","title":"should emit checkpoint saved event","duration":1.0440690000000359,"failureMessages":[],"meta":{},"tags":[]},{"ancestorTitles":["GEPA Optimizer - Integration Tests","getStatistics()"],"fullName":"GEPA Optimizer - Integration Tests getStatistics() should return detailed statistics after evolution","status":"passed","title":"should return detailed statistics after evolution","duration":1.072255000000041,"failureMessages":[],"meta":{},"tags":[]},{"ancestorTitles":["GEPA Optimizer - Integration Tests","Evaluation caching"],"fullName":"GEPA Optimizer - Integration Tests Evaluation caching should cache evaluation results when enabled","status":"passed","title":"should cache evaluation results when enabled","duration":0.9600739999999632,"failureMessages":[],"meta":{},"tags":[]},{"ancestorTitles":["GEPA Optimizer - Integration Tests","Reflection depth settings"],"fullName":"GEPA Optimizer - Integration Tests Reflection depth settings should use configured reflection depth","status":"passed","title":"should use configured reflection depth","duration":0.8127739999999903,"failureMessages":[],"meta":{},"tags":[]},{"ancestorTitles":["GEPA Optimizer - Integration Tests","Objective weights"],"fullName":"GEPA Optimizer - Integration Tests Objective weights should apply custom objective weights","status":"passed","title":"should apply custom objective weights","duration":0.7244519999999284,"failureMessages":[],"meta":{},"tags":[]}],"startTime":1789861006109,"endTime":1789861006159.7244,"status":"passed","message":"","name":"/home/clocksmith/deco/reploid/tests/integration/gepa-optimizer.test.js"},{"assertionResults":[{"ancestorTitles":["hosted JSON ingress and research record admission"],"fullName":"hosted JSON ingress and research record admission delivers a quorum-sized request to signature validation while retaining the general Pool limit","status":"passed","title":"delivers a quorum-sized request to signature validation while retaining the general Pool limit","duration":60.885155000000054,"failureMessages":[],"meta":{},"tags":[]},{"ancestorTitles":["hosted JSON ingress and research record admission"],"fullName":"hosted JSON ingress and research record admission retains the research record bound and bounds the whole HTTP envelope","status":"passed","title":"retains the research record bound and bounds the whole HTTP envelope","duration":29.7699869999999,"failureMessages":[],"meta":{},"tags":[]},{"ancestorTitles":["hosted JSON ingress and research record admission"],"fullName":"hosted JSON ingress and research record admission preserves explicit ingress limits and exact GitHub webhook bytes","status":"passed","title":"preserves explicit ingress limits and exact GitHub webhook bytes","duration":10.692077999999924,"failureMessages":[],"meta":{},"tags":[]}],"startTime":1789860994845,"endTime":1789860994945.6921,"status":"passed","message":"","name":"/home/clocksmith/deco/reploid/tests/integration/json-body-middleware.test.js"},{"assertionResults":[{"ancestorTitles":["LLMClient - Integration Tests","metadata"],"fullName":"LLMClient - Integration Tests metadata should have correct module metadata","status":"passed","title":"should have correct module metadata","duration":4.595151999999985,"failureMessages":[],"meta":{},"tags":[]},{"ancestorTitles":["LLMClient - Integration Tests","rate limiting"],"fullName":"LLMClient - Integration Tests rate limiting should wait for rate limiter token before request","status":"passed","title":"should wait for rate limiter token before request","duration":3.0513109999999983,"failureMessages":[],"meta":{},"tags":[]},{"ancestorTitles":["LLMClient - Integration Tests","proxy mode"],"fullName":"LLMClient - Integration Tests proxy mode should send request to proxy endpoint","status":"passed","title":"should send request to proxy endpoint","duration":3.547130999999979,"failureMessages":[],"meta":{},"tags":[]},{"ancestorTitles":["LLMClient - Integration Tests","proxy mode"],"fullName":"LLMClient - Integration Tests proxy mode attaches fresh Firebase Auth and App Check headers for Zero managed proxy requests","status":"passed","title":"attaches fresh Firebase Auth and App Check headers for Zero managed proxy requests","duration":1.3997979999999757,"failureMessages":[],"meta":{},"tags":[]},{"ancestorTitles":["LLMClient - Integration Tests","proxy mode"],"fullName":"LLMClient - Integration Tests proxy mode should handle streaming responses via proxy","status":"passed","title":"should handle streaming responses via proxy","duration":1.4658589999999663,"failureMessages":[],"meta":{},"tags":[]},{"ancestorTitles":["LLMClient - Integration Tests","proxy mode"],"fullName":"LLMClient - Integration Tests proxy mode should throw ApiError on non-OK response","status":"passed","title":"should throw ApiError on non-OK response","duration":10.981786999999997,"failureMessages":[],"meta":{},"tags":[]},{"ancestorTitles":["LLMClient - Integration Tests","proxy mode"],"fullName":"LLMClient - Integration Tests proxy mode should include proxy JSON error details on non-OK response","status":"passed","title":"should include proxy JSON error details on non-OK response","duration":4.901659000000052,"failureMessages":[],"meta":{},"tags":[]},{"ancestorTitles":["LLMClient - Integration Tests","proxy mode"],"fullName":"LLMClient - Integration Tests proxy mode should retry transient proxy failures","status":"passed","title":"should retry transient proxy failures","duration":2.3475859999999784,"failureMessages":[],"meta":{},"tags":[]},{"ancestorTitles":["LLMClient - Integration Tests","proxy mode"],"fullName":"LLMClient - Integration Tests proxy mode should handle Ollama-specific request options","status":"passed","title":"should handle Ollama-specific request options","duration":1.5028939999999693,"failureMessages":[],"meta":{},"tags":[]},{"ancestorTitles":["LLMClient - Integration Tests","browser-native mode"],"fullName":"LLMClient - Integration Tests browser-native mode should forward the explicit context to WebLLM without injecting a hidden system prompt","status":"passed","title":"should forward the explicit context to WebLLM without injecting a hidden system prompt","duration":5.647096999999974,"failureMessages":[],"meta":{},"tags":[]},{"ancestorTitles":["LLMClient - Integration Tests","thought stripping"],"fullName":"LLMClient - Integration Tests thought stripping should strip <think> tags from response","status":"passed","title":"should strip <think> tags from response","duration":1.540770000000009,"failureMessages":[],"meta":{},"tags":[]},{"ancestorTitles":["LLMClient - Integration Tests","thought stripping"],"fullName":"LLMClient - Integration Tests thought stripping should strip <thinking> tags from response","status":"passed","title":"should strip <thinking> tags from response","duration":1.0262089999999944,"failureMessages":[],"meta":{},"tags":[]},{"ancestorTitles":["LLMClient - Integration Tests","thought stripping"],"fullName":"LLMClient - Integration Tests thought stripping should preserve raw content","status":"passed","title":"should preserve raw content","duration":0.8132519999999772,"failureMessages":[],"meta":{},"tags":[]},{"ancestorTitles":["LLMClient - Integration Tests","transformers.js mode"],"fullName":"LLMClient - Integration Tests transformers.js mode should route to TransformersClient when provider is transformers","status":"passed","title":"should route to TransformersClient when provider is transformers","duration":0.888891000000001,"failureMessages":[],"meta":{},"tags":[]},{"ancestorTitles":["LLMClient - Integration Tests","transformers.js mode"],"fullName":"LLMClient - Integration Tests transformers.js mode should route to TransformersClient for recognized models","status":"passed","title":"should route to TransformersClient for recognized models","duration":0.7480300000000284,"failureMessages":[],"meta":{},"tags":[]},{"ancestorTitles":["LLMClient - Integration Tests","direct cloud API mode","OpenAI"],"fullName":"LLMClient - Integration Tests direct cloud API mode OpenAI should make direct API call to OpenAI","status":"passed","title":"should make direct API call to OpenAI","duration":3.844915999999955,"failureMessages":[],"meta":{},"tags":[]},{"ancestorTitles":["LLMClient - Integration Tests","direct cloud API mode","OpenAI"],"fullName":"LLMClient - Integration Tests direct cloud API mode OpenAI should throw if no API key provided","status":"passed","title":"should throw if no API key provided","duration":1.2342800000000125,"failureMessages":[],"meta":{},"tags":[]},{"ancestorTitles":["LLMClient - Integration Tests","direct cloud API mode","Anthropic"],"fullName":"LLMClient - Integration Tests direct cloud API mode Anthropic should make direct API call to Anthropic","status":"passed","title":"should make direct API call to Anthropic","duration":1.4622289999999794,"failureMessages":[],"meta":{},"tags":[]},{"ancestorTitles":["LLMClient - Integration Tests","direct cloud API mode","Anthropic"],"fullName":"LLMClient - Integration Tests direct cloud API mode Anthropic should extract system message for Anthropic","status":"passed","title":"should extract system message for Anthropic","duration":2.5174729999999954,"failureMessages":[],"meta":{},"tags":[]},{"ancestorTitles":["LLMClient - Integration Tests","direct cloud API mode","Gemini"],"fullName":"LLMClient - Integration Tests direct cloud API mode Gemini should report native tool support for Gemini models","status":"passed","title":"should report native tool support for Gemini models","duration":0.6857929999999897,"failureMessages":[],"meta":{},"tags":[]},{"ancestorTitles":["LLMClient - Integration Tests","direct cloud API mode","Gemini"],"fullName":"LLMClient - Integration Tests direct cloud API mode Gemini should make direct API call to Gemini","status":"passed","title":"should make direct API call to Gemini","duration":1.5871840000000361,"failureMessages":[],"meta":{},"tags":[]},{"ancestorTitles":["LLMClient - Integration Tests","direct cloud API mode","Gemini"],"fullName":"LLMClient - Integration Tests direct cloud API mode Gemini should send Gemini function declarations for native tool calls","status":"passed","title":"should send Gemini function declarations for native tool calls","duration":1.9341570000000274,"failureMessages":[],"meta":{},"tags":[]},{"ancestorTitles":["LLMClient - Integration Tests","direct cloud API mode","Gemini"],"fullName":"LLMClient - Integration Tests direct cloud API mode Gemini should parse Gemini function calls from direct responses","status":"passed","title":"should parse Gemini function calls from direct responses","duration":1.619813000000022,"failureMessages":[],"meta":{},"tags":[]},{"ancestorTitles":["LLMClient - Integration Tests","direct cloud API mode","Gemini"],"fullName":"LLMClient - Integration Tests direct cloud API mode Gemini should parse Gemini function calls from streamed responses","status":"passed","title":"should parse Gemini function calls from streamed responses","duration":1.2806929999999852,"failureMessages":[],"meta":{},"tags":[]},{"ancestorTitles":["LLMClient - Integration Tests","direct cloud API mode","Gemini"],"fullName":"LLMClient - Integration Tests direct cloud API mode Gemini should retry transient Gemini direct API failures","status":"passed","title":"should retry transient Gemini direct API failures","duration":2.581780999999978,"failureMessages":[],"meta":{},"tags":[]},{"ancestorTitles":["LLMClient - Integration Tests","direct cloud API mode","Gemini"],"fullName":"LLMClient - Integration Tests direct cloud API mode Gemini should avoid SSE for direct Gemini when StreamParser is unavailable","status":"passed","title":"should avoid SSE for direct Gemini when StreamParser is unavailable","duration":1.2172610000000077,"failureMessages":[],"meta":{},"tags":[]},{"ancestorTitles":["LLMClient - Integration Tests","direct cloud API mode","Gemini"],"fullName":"LLMClient - Integration Tests direct cloud API mode Gemini should convert message roles for Gemini","status":"passed","title":"should convert message roles for Gemini","duration":0.7359369999999785,"failureMessages":[],"meta":{},"tags":[]},{"ancestorTitles":["LLMClient - Integration Tests","direct cloud API mode","Gemini"],"fullName":"LLMClient - Integration Tests direct cloud API mode Gemini should omit empty text turns from Gemini requests","status":"passed","title":"should omit empty text turns from Gemini requests","duration":1.266813999999954,"failureMessages":[],"meta":{},"tags":[]},{"ancestorTitles":["LLMClient - Integration Tests","abort request"],"fullName":"LLMClient - Integration Tests abort request should abort in-flight request","status":"passed","title":"should abort in-flight request","duration":11.416276000000039,"failureMessages":[],"meta":{},"tags":[]},{"ancestorTitles":["LLMClient - Integration Tests","abort request"],"fullName":"LLMClient - Integration Tests abort request should return false for unknown request ID","status":"passed","title":"should return false for unknown request ID","duration":0.6490599999999631,"failureMessages":[],"meta":{},"tags":[]},{"ancestorTitles":["LLMClient - Integration Tests","status methods"],"fullName":"LLMClient - Integration Tests status methods should return WebLLM status","status":"passed","title":"should return WebLLM status","duration":0.6469209999999634,"failureMessages":[],"meta":{},"tags":[]},{"ancestorTitles":["LLMClient - Integration Tests","status methods"],"fullName":"LLMClient - Integration Tests status methods should return Transformers status","status":"passed","title":"should return Transformers status","duration":0.5517400000000521,"failureMessages":[],"meta":{},"tags":[]},{"ancestorTitles":["LLMClient - Integration Tests","GPU memory management"],"fullName":"LLMClient - Integration Tests GPU memory management should release GPU memory","status":"passed","title":"should release GPU memory","duration":0.6496379999999817,"failureMessages":[],"meta":{},"tags":[]},{"ancestorTitles":["LLMClient - Integration Tests","stream parsing"],"fullName":"LLMClient - Integration Tests stream parsing should handle incomplete chunks","status":"passed","title":"should handle incomplete chunks","duration":1.12629000000004,"failureMessages":[],"meta":{},"tags":[]},{"ancestorTitles":["LLMClient - Integration Tests","stream parsing"],"fullName":"LLMClient - Integration Tests stream parsing should skip [DONE] markers","status":"passed","title":"should skip [DONE] markers","duration":1.0571449999999913,"failureMessages":[],"meta":{},"tags":[]},{"ancestorTitles":["LLMClient - Integration Tests","stream parsing"],"fullName":"LLMClient - Integration Tests stream parsing should handle malformed JSON chunks gracefully","status":"passed","title":"should handle malformed JSON chunks gracefully","duration":0.8809250000000475,"failureMessages":[],"meta":{},"tags":[]}],"startTime":1789860995432,"endTime":1789860995516.8809,"status":"passed","message":"","name":"/home/clocksmith/deco/reploid/tests/integration/llm-client.test.js"},{"assertionResults":[{"ancestorTitles":["Long Session Tests - 100+ Turns","100+ Turn Session Stability"],"fullName":"Long Session Tests - 100+ Turns 100+ Turn Session Stability should handle 100 turns without degradation","status":"passed","title":"should handle 100 turns without degradation","duration":87.01753699999995,"failureMessages":[],"meta":{},"tags":[]},{"ancestorTitles":["Long Session Tests - 100+ Turns","100+ Turn Session Stability"],"fullName":"Long Session Tests - 100+ Turns 100+ Turn Session Stability should maintain memory reuse rate above 40% over 100 turns","status":"passed","title":"should maintain memory reuse rate above 40% over 100 turns","duration":9.740384000000063,"failureMessages":[],"meta":{},"tags":[]},{"ancestorTitles":["Long Session Tests - 100+ Turns","100+ Turn Session Stability"],"fullName":"Long Session Tests - 100+ Turns 100+ Turn Session Stability should handle burst traffic without degradation","status":"passed","title":"should handle burst traffic without degradation","duration":42.145673999999985,"failureMessages":[],"meta":{},"tags":[]},{"ancestorTitles":["Long Session Tests - 100+ Turns","Context Reconstruction Accuracy"],"fullName":"Long Session Tests - 100+ Turns Context Reconstruction Accuracy should accurately reconstruct context after eviction","status":"passed","title":"should accurately reconstruct context after eviction","duration":1.4569230000000744,"failureMessages":[],"meta":{},"tags":[]},{"ancestorTitles":["Long Session Tests - 100+ Turns","Context Reconstruction Accuracy"],"fullName":"Long Session Tests - 100+ Turns Context Reconstruction Accuracy should preserve temporal ordering in retrieval","status":"passed","title":"should preserve temporal ordering in retrieval","duration":58.42920499999991,"failureMessages":[],"meta":{},"tags":[]},{"ancestorTitles":["Long Session Tests - 100+ Turns","Adaptive Forgetting"],"fullName":"Long Session Tests - 100+ Turns Adaptive Forgetting should calculate correct retention based on age and access","status":"passed","title":"should calculate correct retention based on age and access","duration":0.8345849999999473,"failureMessages":[],"meta":{},"tags":[]},{"ancestorTitles":["Long Session Tests - 100+ Turns","Adaptive Forgetting"],"fullName":"Long Session Tests - 100+ Turns Adaptive Forgetting should identify candidates for pruning","status":"passed","title":"should identify candidates for pruning","duration":4.894277999999986,"failureMessages":[],"meta":{},"tags":[]},{"ancestorTitles":["Long Session Tests - 100+ Turns","Anticipatory Retrieval"],"fullName":"Long Session Tests - 100+ Turns Anticipatory Retrieval should anticipate debu
[...]
heses in file names","duration":0.4195430000000897,"failureMessages":[],"meta":{},"tags":[]},{"ancestorTitles":["Find","path matching"],"fullName":"Find path matching should match only file name, not full path","status":"passed","title":"should match only file name, not full path","duration":0.36014399999999114,"failureMessages":[],"meta":{},"tags":[]},{"ancestorTitles":["Find","path matching"],"fullName":"Find path matching should not match directory names","status":"passed","title":"should not match directory names","duration":0.3885810000000447,"failureMessages":[],"meta":{},"tags":[]},{"ancestorTitles":["Find","empty results"],"fullName":"Find empty results should return empty string when no matches","status":"passed","title":"should return empty string when no matches","duration":0.4268779999999879,"failureMessages":[],"meta":{},"tags":[]},{"ancestorTitles":["Find","empty results"],"fullName":"Find empty results should return empty string when directory is empty","status":"passed","title":"should return empty string when directory is empty","duration":0.29170699999997396,"failureMessages":[],"meta":{},"tags":[]},{"ancestorTitles":["Find","output format"],"fullName":"Find output format should join results with newlines","status":"passed","title":"should join results with newlines","duration":0.29772400000001653,"failureMessages":[],"meta":{},"tags":[]},{"ancestorTitles":["Find","output format"],"fullName":"Find output format should return single file without trailing newline","status":"passed","title":"should return single file without trailing newline","duration":0.27187900000001264,"failureMessages":[],"meta":{},"tags":[]},{"ancestorTitles":["Find","complex patterns"],"fullName":"Find complex patterns should handle multiple wildcards","status":"passed","title":"should handle multiple wildcards","duration":0.40152599999998984,"failureMessages":[],"meta":{},"tags":[]}],"startTime":1789861028911,"endTime":1789861028928.4016,"status":"passed","message":"","name":"/home/clocksmith/deco/reploid/tests/unit/tools/find.test.js"},{"assertionResults":[{"ancestorTitles":["Grep","validation"],"fullName":"Grep validation should throw error when VFS not available","status":"passed","title":"should throw error when VFS not available","duration":5.2672280000000455,"failureMessages":[],"meta":{},"tags":[]},{"ancestorTitles":["Grep","validation"],"fullName":"Grep validation should throw error when pattern missing","status":"passed","title":"should throw error when pattern missing","duration":0.7324280000000272,"failureMessages":[],"meta":{},"tags":[]},{"ancestorTitles":["Grep","basic search"],"fullName":"Grep basic search should find matching lines in files","status":"passed","title":"should find matching lines in files","duration":1.4618789999999535,"failureMessages":[],"meta":{},"tags":[]},{"ancestorTitles":["Grep","basic search"],"fullName":"Grep basic search should return \"No matches found\" when nothing matches","status":"passed","title":"should return \"No matches found\" when nothing matches","duration":0.6232949999999846,"failureMessages":[],"meta":{},"tags":[]},{"ancestorTitles":["Grep","basic search"],"fullName":"Grep basic search should search in specified path","status":"passed","title":"should search in specified path","duration":1.954386999999997,"failureMessages":[],"meta":{},"tags":[]},{"ancestorTitles":["Grep","basic search"],"fullName":"Grep basic search should default to root path","status":"passed","title":"should default to root path","duration":0.5671489999999721,"failureMessages":[],"meta":{},"tags":[]},{"ancestorTitles":["Grep","regex patterns"],"fullName":"Grep regex patterns should support regex patterns","status":"passed","title":"should support regex patterns","duration":1.0250909999999749,"failureMessages":[],"meta":{},"tags":[]},{"ancestorTitles":["Grep","regex patterns"],"fullName":"Grep regex patterns should support word boundary patterns","status":"passed","title":"should support word boundary patterns","duration":0.5490559999999505,"failureMessages":[],"meta":{},"tags":[]},{"ancestorTitles":["Grep","case sensitivity"],"fullName":"Grep case sensitivity should be case sensitive by default","status":"passed","title":"should be case sensitive by default","duration":1.052033999999935,"failureMessages":[],"meta":{},"tags":[]},{"ancestorTitles":["Grep","case sensitivity"],"fullName":"Grep case sensitivity should support case insensitive search","status":"passed","title":"should support case insensitive search","duration":0.6752149999999801,"failureMessages":[],"meta":{},"tags":[]},{"ancestorTitles":["Grep","line numbers"],"fullName":"Grep line numbers should include correct line numbers (1-indexed)","status":"passed","title":"should include correct line numbers (1-indexed)","duration":0.4176070000000891,"failureMessages":[],"meta":{},"tags":[]},{"ancestorTitles":["Grep","error handling"],"fullName":"Grep error handling should skip files that cannot be read","status":"passed","title":"should skip files that cannot be read","duration":0.545076999999992,"failureMessages":[],"meta":{},"tags":[]},{"ancestorTitles":["Grep","error handling"],"fullName":"Grep error handling should handle empty file list","status":"passed","title":"should handle empty file list","duration":0.29225099999996473,"failureMessages":[],"meta":{},"tags":[]},{"ancestorTitles":["Grep","error handling"],"fullName":"Grep error handling should handle empty files","status":"passed","title":"should handle empty files","duration":0.38035500000000866,"failureMessages":[],"meta":{},"tags":[]},{"ancestorTitles":["Grep","multiple matches per line"],"fullName":"Grep multiple matches per line should report line once even with multiple matches","status":"passed","title":"should report line once even with multiple matches","duration":0.31012199999997847,"failureMessages":[],"meta":{},"tags":[]},{"ancestorTitles":["Grep","output format"],"fullName":"Grep output format should format results as path:line:content","status":"passed","title":"should format results as path:line:content","duration":0.2915570000000116,"failureMessages":[],"meta":{},"tags":[]},{"ancestorTitles":["Grep","output format"],"fullName":"Grep output format should join multiple results with newlines","status":"passed","title":"should join multiple results with newlines","duration":0.352074000000016,"failureMessages":[],"meta":{},"tags":[]}],"startTime":1789861024698,"endTime":1789861024716.352,"status":"passed","message":"","name":"/home/clocksmith/deco/reploid/tests/unit/tools/grep.test.js"},{"assertionResults":[{"ancestorTitles":["ListFiles","call function"],"fullName":"ListFiles call function should list files in specified directory","status":"passed","title":"should list files in specified directory","duration":5.871535999999992,"failureMessages":[],"meta":{},"tags":[]},{"ancestorTitles":["ListFiles","call function"],"fullName":"ListFiles call function should default to root when no path specified","status":"passed","title":"should default to root when no path specified","duration":0.9057679999999664,"failureMessages":[],"meta":{},"tags":[]},{"ancestorTitles":["ListFiles","call function"],"fullName":"ListFiles call function should support \"directory\" as alias for \"path\"","status":"passed","title":"should support \"directory\" as alias for \"path\"","duration":0.6180799999999635,"failureMessages":[],"meta":{},"tags":[]},{"ancestorTitles":["ListFiles","call function"],"fullName":"ListFiles call function should support \"dir\" as alias for \"path\"","status":"passed","title":"should support \"dir\" as alias for \"path\"","duration":0.5812339999999949,"failureMessages":[],"meta":{},"tags":[]},{"ancestorTitles":["ListFiles","call function"],"fullName":"ListFiles call function should throw error when VFS not available","status":"passed","title":"should throw error when VFS not available","duration":2.2505089999999655,"failureMessages":[],"meta":{},"tags":[]},{"ancestorTitles":["ListFiles","call function"],"fullName":"ListFiles call function should return empty string for empty directory","status":"passed","title":"should return empty string for empty directory","duration":0.5038589999999203,"failureMessages":[],"meta":{},"tags":[]},{"ancestorTitles":["ListFiles","call function"],"fullName":"ListFiles call function should propagate VFS list errors","status":"passed","title":"should propagate VFS list errors","duration":0.7474529999999504,"failureMessages":[],"meta":{},"tags":[]},{"ancestorTitles":["ListFiles","call function"],"fullName":"ListFiles call function should handle nested paths","status":"passed","title":"should handle nested paths","duration":0.4753930000000537,"failureMessages":[],"meta":{},"tags":[]}],"startTime":1789861025883,"endTime":1789861025895.4753,"status":"passed","message":"","name":"/home/clocksmith/deco/reploid/tests/unit/tools/list-files.test.js"},{"assertionResults":[{"ancestorTitles":["LoadModule"],"fullName":"LoadModule reports a leading pipe literal marker before calling ToolRunner","status":"passed","title":"reports a leading pipe literal marker before calling ToolRunner","duration":7.696006000000011,"failureMessages":[],"meta":{},"tags":[]},{"ancestorTitles":["LoadModule"],"fullName":"LoadModule propagates promoted tool import failures from ToolRunner","status":"passed","title":"propagates promoted tool import failures from ToolRunner","duration":2.7797649999999976,"failureMessages":[],"meta":{},"tags":[]}],"startTime":1789861035667,"endTime":1789861035677.7798,"status":"passed","message":"","name":"/home/clocksmith/deco/reploid/tests/unit/tools/load-module.test.js"},{"assertionResults":[{"ancestorTitles":["Promote"],"fullName":"Promote accepts source, target, and evidence aliases for the canonical paths","status":"passed","title":"accepts source, target, and evidence aliases for the canonical paths","duration":6.135682999999972,"failureMessages":[],"meta":{},"tags":[]},{"ancestorTitles":["Promote"],"fullName":"Promote returns actionable reasons for missing evidence and invalid targets","status":"passed","title":"returns actionable reasons for missing evidence and invalid targets","duration":1.2362830000000713,"failureMessages":[],"meta":{},"tags":[]},{"ancestorTitles":["Promote"],"fullName":"Promote rejects replay evidence that does not bind candidate bytes","status":"passed","title":"rejects replay evidence that does not bind candidate bytes","duration":0.8057929999999942,"failureMessages":[],"meta":{},"tags":[]},{"ancestorTitles":["Promote"],"fullName":"Promote preserves the previous target bytes before promotion","status":"passed","title":"preserves the previous target bytes before promotion","duration":1.2048800000000028,"failureMessages":[],"meta":{},"tags":[]}],"startTime":1789861007350,"endTime":1789861007359.2048,"status":"passed","message":"","name":"/home/clocksmith/deco/reploid/tests/unit/tools/promote.test.js"},{"assertionResults":[{"ancestorTitles":["ReadFile","call function"],"fullName":"ReadFile call function should read file content from VFS","status":"passed","title":"should read file content from VFS","duration":8.54075499999999,"failureMessages":[],"meta":{},"tags":[]},{"ancestorTitles":["ReadFile","call function"],"fullName":"ReadFile call function should support \"file\" as alias for \"path\"","status":"passed","title":"should support \"file\" as alias for \"path\"","duration":0.9569030000000112,"failureMessages":[],"meta":{},"tags":[]},{"ancestorTitles":["ReadFile","call function"],"fullName":"ReadFile call function should read a VFS text byte window with offset and length","status":"passed","title":"should read a VFS text byte window with offset and length","duration":1.3860760000000028,"failureMessages":[],"meta":{},"tags":[]},{"ancestorTitles":["ReadFile","call function"],"fullName":"ReadFile call function should tolerate binary alias for VFS text byte windows","status":"passed","title":"should tolerate binary alias for VFS text byte windows","duration":0.6108120000000099,"failureMessages":[],"meta":{},"tags":[]},{"ancestorTitles":["ReadFile","call function"],"fullName":"ReadFile call function should treat null VFS byte length as omitted","status":"passed","title":"should treat null VFS byte length as omitted","duration":0.8516000000000759,"failureMessages":[],"meta":{},"tags":[]},{"ancestorTitles":["ReadFile","call function"],"fullName":"ReadFile call function should clamp excessive VFS byte length to maxBytes","status":"passed","title":"should clamp excessive VFS byte length to maxBytes","duration":0.6366709999999784,"failureMessages":[],"meta":{},"tags":[]},{"ancestorTitles":["ReadFile","call function"],"fullName":"ReadFile call function should throw error when VFS not available","status":"passed","title":"should throw error when VFS not available","duration":2.101032000000032,"failureMessages":[],"meta":{},"tags":[]},{"ancestorTitles":["ReadFile","call function"],"fullName":"ReadFile call function should throw error when path missing","status":"passed","title":"should throw error when path missing","duration":0.5589599999999564,"failureMessages":[],"meta":{},"tags":[]},{"ancestorTitles":["ReadFile","call function"],"fullName":"ReadFile call function should propagate VFS read errors","status":"passed","title":"should propagate VFS read errors","duration":1.0724760000000515,"failureMessages":[],"meta":{},"tags":[]},{"ancestorTitles":["ReadFile","call function"],"fullName":"ReadFile call function should handle empty file content","status":"passed","title":"should handle empty file content","duration":0.4886500000000069,"failureMessages":[],"meta":{},"tags":[]},{"ancestorTitles":["ReadFile","call function"],"fullName":"ReadFile call function should handle binary-like content","status":"passed","title":"should handle binary-like content","duration":0.43421699999998964,"failureMessages":[],"meta":{},"tags":[]},{"ancestorTitles":["ReadFile","call function"],"fullName":"ReadFile call function should return a VFS directory listing when path has descendants","status":"passed","title":"should return a VFS directory listing when path has descendants","duration":1.0787639999999783,"failureMessages":[],"meta":{},"tags":[]},{"ancestorTitles":["ReadFile","call function"],"fullName":"ReadFile call function should return an empty known VFS directory listing","status":"passed","title":"should return an empty known VFS directory listing","duration":0.5218960000000834,"failureMessages":[],"meta":{},"tags":[]},{"ancestorTitles":["ReadFile","call function"],"fullName":"ReadFile call function should still throw for unknown missing files","status":"passed","title":"should still throw for unknown missing files","duration":0.9527890000000525,"failureMessages":[],"meta":{},"tags":[]},{"ancestorTitles":["ReadFile","call function"],"fullName":"ReadFile call function should resolve an exact existing file when the requested path has trailing typo characters","status":"passed","title":"should resolve an exact existing file when the requested path has trailing typo characters","duration":0.7744030000000066,"failureMessages":[],"meta":{},"tags":[]},{"ancestorTitles":["ReadFile","call function"],"fullName":"ReadFile call function should suggest existing VFS files for near-miss paths","status":"passed","title":"should suggest existing VFS files for near-miss paths","duration":0.9436779999999771,"failureMessages":[],"meta":{},"tags":[]}],"startTime":1789861021694,"endTime":1789861021715.9436,"status":"passed","message":"","name":"/home/clocksmith/deco/reploid/tests/unit/tools/read-file.test.js"},{"assertionResults":[{"ancestorTitles":["WriteFile","allowed VFS roots"],"fullName":"WriteFile allowed VFS roots should write shadow candidates","status":"passed","title":"should write shadow candidates","duration":6.799201000000039,"failureMessages":[],"meta":{},"tags":[]},{"ancestorTitles":["WriteFile","allowed VFS roots"],"fullName":"WriteFile allowed VFS roots should support \"file\" as alias for \"path\" under writable roots","status":"passed","title":"should support \"file\" as alias for \"path\" under writable roots","duration":1.0459130000000414,"failureMessages":[],"meta":{},"tags":[]},{"ancestorTitles":["WriteFile","allowed VFS roots"],"fullName":"WriteFile allowed VFS roots should write artifact evidence","status":"passed","title":"should write artifact evidence","duration":0.846981000000028,"failureMessages":[],"meta":{},"tags":[]},{"ancestorTitles":["WriteFile","allowed VFS roots"],"fullName":"WriteFile allowed VFS roots should serialize JSON object content before writing artifact evidence","status":"passed","title":"should serialize JSON object content before writing artifact evidence","duration":1.16537500000004,"failureMessages":[],"meta":{},"tags":[]},{"ancestorTitles":["WriteFile","allowed VFS roots"],"fullName":"WriteFile allowed VFS roots should allow empty string content","status":"passed","title":"should allow empty string content","duration":0.8823549999999614,"failureMessages":[],"meta":{},"tags":[]},{"ancestorTitles":["WriteFile","allowed VFS roots"],"fullName":"WriteFile allowed VFS roots should reject direct self writes","status":"passed","title":"should reject direct self writes","duration":2.4748990000000504,"failureMessages":[],"meta":{},"tags":[]},{"ancestorTitles":["WriteFile","allowed VFS roots"],"fullName":"WriteFile allowed VFS roots should reject direct core writes before verification or audit handling","status":"passed","title":"should reject direct core writes before verification or audit handling","duration":0.8667389999999386,"failureMessages":[],"meta":{},"tags":[]},{"ancestorTitles":["WriteFile","validation"],"fullName":"WriteFile validation should throw error when VFS not available","status":"passed","title":"should throw error when VFS not available","duration":0.6965050000000019,"failureMessages":[],"meta":{},"tags":[]},{"ancestorTitles":["WriteFile","validation"],"fullName":"WriteFile validation should throw error when path missing","status":"passed","title":"should throw error when path missing","duration":1.229106999999999,"failureMessages":[],"meta":{},"tags":[]},{"ancestorTitles":["WriteFile","validation"],"fullName":"WriteFile validation should throw error when content missing for writable paths","status":"passed","title":"should throw error when content missing for writable paths","duration":0.7529319999999871,"failureMessages":[],"meta":{},"tags":[]},{"ancestorTitles":["WriteFile","event emission"],"fullName":"WriteFile event emission should emit artifact:created for new files","status":"passed","title":"should emit artifact:created for new files","duration":2.2187300000000505,"failureMessages":[],"meta":{},"tags":[]},{"ancestorTitles":["WriteFile","event emission"],"fullName":"WriteFile event emission should emit vfs:write for existing files","status":"passed","title":"should emit vfs:write for existing files","duration":0.8241219999999885,"failureMessages":[],"meta":{},"tags":[]},{"ancestorTitles":["WriteFile","audit logging"],"fullName":"WriteFile audit logging should log FILE_WRITE for writable non-core files","status":"passed","title":"should log FILE_WRITE for writable non-core files","duration":0.7961609999999837,"failureMessages":[],"meta":{},"tags":[]},{"ancestorTitles":["WriteFile","audit logging"],"fullName":"WriteFile audit logging should not treat shadow candidate paths as core writes","status":"passed","title":"should not treat shadow candidate paths as core writes","duration":7.7220080000000735,"failureMessages":[],"meta":{},"tags":[]},{"ancestorTitles":["WriteFile","autoLoad"],"fullName":"WriteFile autoLoad should reject autoLoad before Promote places a module under /self","status":"passed","title":"should reject autoLoad before Promote places a module under /self","duration":0.7515490000000682,"failureMessages":[],"meta":{},"tags":[]}],"startTime":1789861016550,"endTime":1789861016580.7515,"status":"passed","message":"","name":"/home/clocksmith/deco/reploid/tests/unit/tools/write-file.test.js"}]}