{"numTotalTestSuites":986,"numPassedTestSuites":986,"numFailedTestSuites":0,"numPendingTestSuites":0,"numTotalTests":2659,"numPassedTests":2623,"numFailedTests":0,"numPendingTests":36,"numTodoTests":0,"snapshot":{"added":0,"failure":false,"filesAdded":0,"filesRemoved":0,"filesRemovedList":[],"filesUnmatched":0,"filesUpdated":0,"matched":0,"total":0,"unchecked":0,"uncheckedKeysByFile":[],"unmatched":0,"updated":0,"didUpdate":false},"startTime":1789852421020,"success":true,"testResults":[{"assertionResults":[{"ancestorTitles":["getArtifactListSummaryPure"],"fullName":"getArtifactListSummaryPure should return error when allMetaMap is null","status":"passed","title":"should return error when allMetaMap is null","duration":5.475242999999978,"failureMessages":[],"meta":{},"tags":[]},{"ancestorTitles":["getArtifactListSummaryPure"],"fullName":"getArtifactListSummaryPure should return \"None\" for empty metadata map","status":"passed","title":"should return \"None\" for empty metadata map","duration":0.41054400000007263,"failureMessages":[],"meta":{},"tags":[]},{"ancestorTitles":["getArtifactListSummaryPure"],"fullName":"getArtifactListSummaryPure should format single artifact correctly","status":"passed","title":"should format single artifact correctly","duration":0.312652000000071,"failureMessages":[],"meta":{},"tags":[]},{"ancestorTitles":["getArtifactListSummaryPure"],"fullName":"getArtifactListSummaryPure should format multiple artifacts correctly","status":"passed","title":"should format multiple artifacts correctly","duration":0.5067729999999528,"failureMessages":[],"meta":{},"tags":[]},{"ancestorTitles":["getArtifactListSummaryPure"],"fullName":"getArtifactListSummaryPure should handle missing latestCycle","status":"passed","title":"should handle missing latestCycle","duration":1.0050069999999778,"failureMessages":[],"meta":{},"tags":[]},{"ancestorTitles":["getToolListSummaryPure"],"fullName":"getToolListSummaryPure should return error when staticTools is null","status":"passed","title":"should return error when staticTools is null","duration":0.3119649999999865,"failureMessages":[],"meta":{},"tags":[]},{"ancestorTitles":["getToolListSummaryPure"],"fullName":"getToolListSummaryPure should return error when truncFn is null","status":"passed","title":"should return error when truncFn is null","duration":0.19592099999999846,"failureMessages":[],"meta":{},"tags":[]},{"ancestorTitles":["getToolListSummaryPure"],"fullName":"getToolListSummaryPure should format static tools correctly","status":"passed","title":"should format static tools correctly","duration":0.47604200000000674,"failureMessages":[],"meta":{},"tags":[]},{"ancestorTitles":["getToolListSummaryPure"],"fullName":"getToolListSummaryPure should truncate long descriptions","status":"passed","title":"should truncate long descriptions","duration":0.6903909999999769,"failureMessages":[],"meta":{},"tags":[]},{"ancestorTitles":["getToolListSummaryPure"],"fullName":"getToolListSummaryPure should format dynamic tools correctly","status":"passed","title":"should format dynamic tools correctly","duration":0.34806299999991097,"failureMessages":[],"meta":{},"tags":[]},{"ancestorTitles":["getToolListSummaryPure"],"fullName":"getToolListSummaryPure should combine static and dynamic tools","status":"passed","title":"should combine static and dynamic tools","duration":0.3228839999999309,"failureMessages":[],"meta":{},"tags":[]},{"ancestorTitles":["assembleCorePromptPure"],"fullName":"assembleCorePromptPure should return error when template is null","status":"passed","title":"should return error when template is null","duration":0.23292500000002292,"failureMessages":[],"meta":{},"tags":[]},{"ancestorTitles":["assembleCorePromptPure"],"fullName":"assembleCorePromptPure should replace CYCLE_COUNT placeholder","status":"passed","title":"should replace CYCLE_COUNT placeholder","duration":0.1690290000000232,"failureMessages":[],"meta":{},"tags":[]},{"ancestorTitles":["assembleCorePromptPure"],"fullName":"assembleCorePromptPure should replace TOOL_LIST placeholder","status":"passed","title":"should replace TOOL_LIST placeholder","duration":0.26028499999995347,"failureMessages":[],"meta":{},"tags":[]},{"ancestorTitles":["assembleCorePromptPure"],"fullName":"assembleCorePromptPure should replace ARTIFACT_LIST placeholder","status":"passed","title":"should replace ARTIFACT_LIST placeholder","duration":0.19630100000006223,"failureMessages":[],"meta":{},"tags":[]},{"ancestorTitles":["assembleCorePromptPure"],"fullName":"assembleCorePromptPure should replace CUMULATIVE_GOAL placeholder","status":"passed","title":"should replace CUMULATIVE_GOAL placeholder","duration":0.15162899999995716,"failureMessages":[],"meta":{},"tags":[]},{"ancestorTitles":["assembleCorePromptPure"],"fullName":"assembleCorePromptPure should use fallback for missing goal","status":"passed","title":"should use fallback for missing goal","duration":0.1396230000000287,"failureMessages":[],"meta":{},"tags":[]},{"ancestorTitles":["assembleCorePromptPure"],"fullName":"assembleCorePromptPure should replace all placeholders simultaneously","status":"passed","title":"should replace all placeholders simultaneously","duration":0.22860300000002098,"failureMessages":[],"meta":{},"tags":[]}],"startTime":1789852473961,"endTime":1789852473973.2285,"status":"passed","message":"","name":"/home/clocksmith/deco/reploid/tests/agent-logic-pure.test.js"},{"assertionResults":[{"ancestorTitles":["AgentLoop - Integration Tests","initialization"],"fullName":"AgentLoop - Integration Tests initialization keeps model and strategy selection fixed during an active attempt","status":"passed","title":"keeps model and strategy selection fixed during an active attempt","duration":25.116608000000042,"failureMessages":[],"meta":{},"tags":[]},{"ancestorTitles":["AgentLoop - Integration Tests","initialization"],"fullName":"AgentLoop - Integration Tests initialization should not be running initially","status":"passed","title":"should not be running initially","duration":1.6093779999999924,"failureMessages":[],"meta":{},"tags":[]},{"ancestorTitles":["AgentLoop - Integration Tests","initialization"],"fullName":"AgentLoop - Integration Tests initialization should throw if run without model configured","status":"passed","title":"should throw if run without model configured","duration":3.6375359999999546,"failureMessages":[],"meta":{},"tags":[]},{"ancestorTitles":["AgentLoop - Integration Tests","run lifecycle"],"fullName":"AgentLoop - Integration Tests run lifecycle should set goal via StateManager","status":"passed","title":"should set goal via StateManager","duration":4.301185000000032,"failureMessages":[],"meta":{},"tags":[]},{"ancestorTitles":["AgentLoop - Integration Tests","run lifecycle"],"fullName":"AgentLoop - Integration Tests run lifecycle should emit STARTING status","status":"passed","title":"should emit STARTING status","duration":5.448114000000032,"failureMessages":[],"meta":{},"tags":[]},{"ancestorTitles":["AgentLoop - Integration Tests","run lifecycle"],"fullName":"AgentLoop - Integration Tests run lifecycle should emit IDLE status when done","status":"passed","title":"should emit IDLE status when done","duration":4.487381000000028,"failureMessages":[],"meta":{},"tags":[]},{"ancestorTitles":["AgentLoop - Integration Tests","run lifecycle"],"fullName":"AgentLoop - Integration Tests run lifecycle should build initial context with persona","status":"passed","title":"should build initial context with persona","duration":7.6241509999999835,"failureMessages":[],"meta":{},"tags":[]},{"ancestorTitles":["AgentLoop - Integration Tests","run lifecycle"],"fullName":"AgentLoop - Integration Tests run lifecycle builds Zero context with discovery-first VFS rules","status":"passed","title":"builds Zero context with discovery-first VFS rules","duration":10.669984999999997,"failureMessages":[],"meta":{},"tags":[]},{"ancestorTitles":["AgentLoop - Integration Tests","run lifecycle"],"fullName":"AgentLoop - Integration Tests run lifecycle builds X context with continuous improvement as the stopping policy","status":"passed","title":"builds X context with continuous improvement as the stopping policy","duration":3.6682270000000017,"failureMessages":[],"meta":{},"tags":[]},{"ancestorTitles":["AgentLoop - Integration Tests","run lifecycle"],"fullName":"AgentLoop - Integration Tests run lifecycle normalizes structured awaken goal packets before starting a cycle","status":"passed","title":"normalizes structured awaken goal packets before starting a cycle","duration":4.302289999999971,"failureMessages":[],"meta":{},"tags":[]},{"ancestorTitles":["AgentLoop - Integration Tests","run lifecycle"],"fullName":"AgentLoop - Integration Tests run lifecycle should throw if already running","status":"passed","title":"should throw if already running","duration":4.820093999999926,"failureMessages":[],"meta":{},"tags":[]},{"ancestorTitles":["AgentLoop - Integration Tests","cognitive cycle"],"fullName":"AgentLoop - Integration Tests cognitive cycle should increment cycle on each iteration","status":"passed","title":"should increment cycle on each iteration","duration":4.079657999999995,"failureMessages":[],"meta":{},"tags":[]},{"ancestorTitles":["AgentLoop - Integration Tests","cognitive cycle"],"fullName":"AgentLoop - Integration Tests cognitive cycle should stop at the configured model iteration limit","status":"passed","title":"should stop at the configured model iteration limit","duration":5.907275000000027,"failureMessages":[],"meta":{},"tags":[]},{"ancestorTitles":["AgentLoop - Integration Tests","cognitive cycle"],"fullName":"AgentLoop - Integration Tests cognitive cycle should cap managed server proxy loops at 99 iterations","status":"passed","title":"should cap managed server proxy loops at 99 iterations","duration":56.52024800000004,"failureMessages":[],"meta":{},"tags":[]},{"ancestorTitles":["AgentLoop - Integration Tests","cognitive cycle"],"fullName":"AgentLoop - Integration Tests cognitive cycle should manage context before LLM call","status":"passed","title":"should manage context before LLM call","duration":2.2771439999999075,"failureMessages":[],"meta":{},"tags":[]},{"ancestorTitles":["AgentLoop - Integration Tests","cognitive cycle"],"fullName":"AgentLoop - Integration Tests cognitive cycle emits visible history when context compacts","status":"passed","title":"emits visible history when context compacts","duration":8.385298000000034,"failureMessages":[],"meta":{},"tags":[]},{"ancestorTitles":["AgentLoop - Integration Tests","cognitive cycle"],"fullName":"AgentLoop - Integration Tests cognitive cycle should fit managed Zero provider requests inside the function envelope","status":"passed","title":"should fit managed Zero provider requests inside the function envelope","duration":10.634403999999904,"failureMessages":[],"meta":{},"tags":[]},{"ancestorTitles":["AgentLoop - Integration Tests","cognitive cycle"],"fullName":"AgentLoop - Integration Tests cognitive cycle should emit history events","status":"passed","title":"should emit history events","duration":5.99714199999994,"failureMessages":[],"meta":{},"tags":[]},{"ancestorTitles":["AgentLoop - Integration Tests","cognitive cycle"],"fullName":"AgentLoop - Integration Tests cognitive cycle should emit the initial system prompt as a history event","status":"passed","title":"should emit the initial system prompt as a history event","duration":7.478675000000067,"failureMessages":[],"meta":{},"tags":[]},{"ancestorTitles":["AgentLoop - Integration Tests","cognitive cycle"],"fullName":"AgentLoop - Integration Tests cognitive cycle should emit stream updates via callback","status":"passed","title":"should emit stream updates via callback","duration":2.2694799999999304,"failureMessages":[],"meta":{},"tags":[]},{"ancestorTitles":["AgentLoop - Integration Tests","tool execution"],"fullName":"AgentLoop - Integration Tests tool execution should execute tool calls from response","status":"passed","title":"should execute tool calls from response","duration":9.324342999999999,"failureMessages":[],"meta":{},"tags":[]},{"ancestorTitles":["AgentLoop - Integration Tests","tool execution"],"fullName":"AgentLoop - Integration Tests tool execution executes the full 8-call read-only native batch when available","status":"passed","title":"executes the full 8-call read-only native batch when available","duration":8.30289700000003,"failureMessages":[],"meta":{},"tags":[]},{"ancestorTitles":["AgentLoop - Integration Tests","tool execution"],"fullName":"AgentLoop - Integration Tests tool execution requires a mutating tool after repeated read-only batches on build goals","status":"passed","title":"requires a mutating tool after repeated read-only batches on build goals","duration":10.495764999999892,"failureMessages":[],"meta":{},"tags":[]},{"ancestorTitles":["AgentLoop - Integration Tests","tool execution"],"fullName":"AgentLoop - Integration Tests tool execution treats ok:false mutating results as failures and skips dependent mutations","status":"passed","title":"treats ok:false mutating results as failures and skips dependent mutations","duration":4.746458999999959,"failureMessages":[],"meta":{},"tags":[]},{"ancestorTitles":["AgentLoop - Integration Tests","tool execution"],"fullName":"AgentLoop - Integration Tests tool execution treats worker-returned ok:false tool results as logical failures","status":"passed","title":"treats worker-returned ok:false tool results as logical failures","duration":3.7008189999999104,"failureMessages":[],"meta":{},"tags":[]},{"ancestorTitles":["AgentLoop - Integration Tests","tool execution"],"fullName":"AgentLoop - Integration Tests tool execution clears stale LoadModule circuit state after successful promotion","status":"passed","title":"clears stale LoadModule circuit state after successful promotion","duration":3.124635999999782,"failureMessages":[],"meta":{},"tags":[]},{"ancestorTitles":["AgentLoop - Integration Tests","tool execution"],"fullName":"AgentLoop - Integration Tests tool execution circuit-breaks LoadModule after repeated module load failures","status":"passed","title":"circuit-breaks LoadModule after repeated module load failures","duration":916.5307419999999,"failureMessages":[],"meta":{},"tags":[]},{"ancestorTitles":["AgentLoop - Integration Tests","tool execution"],"fullName":"AgentLoop - Integration Tests tool execution does not circuit-break LoadModule for recoverable precondition failures","status":"passed","title":"does not circuit-break LoadModule for recoverable precondition failures","duration":7.8141189999998915,"failureMessages":[],"meta":{},"tags":[]},{"ancestorTitles":["AgentLoop - Integration Tests","tool execution"],"fullName":"AgentLoop - Integration Tests tool execution parks for tool cooldown resume after successful mutations with a skipped promoted write","status":"passed","title":"parks for tool cooldown resume after successful mutations with a skipped promoted write","duration":5.222014999999828,"failureMessages":[],"meta":{},"tags":[]},{"ancestorTitles":["AgentLoop - Integration Tests","tool execution"],"fullName":"AgentLoop - Integration Tests tool execution should add tool result to context","status":"passed","title":"should add tool result to context","duration":2.6299370000001545,"failureMessages":[],"meta":{},"tags":[]},{"ancestorTitles":["AgentLoop - Integration Tests","tool execution"],"fullName":"AgentLoop - Integration Tests tool execution surfaces tool parse errors to the next model cycle as corrective observations","status":"passed","title":"surfaces tool parse errors to the next model cycle as corrective observations","duration":8.089901000000054,"failureMessages":[],"meta":{},"tags":[]},{"ancestorTitles":["AgentLoop - Integration Tests","tool execution"],"fullName":"AgentLoop - Integration Tests tool execution should emit tool events","status":"passed","title":"should emit tool events","duration":5.841376000000082,"failureMessages":[],"meta":{},"tags":[]},{"ancestorTitles":["AgentLoop - Integration Tests","tool execution"],"fullName":"AgentLoop - Integration Tests tool execution should handle tool errors gracefully","status":"passed","title":"should handle tool errors gracefully","duration":306.47993299999985,"failureMessages":[],"meta":{},"tags":[]},{"ancestorTitles":["AgentLoop - Integration Tests","tool execution"],"fullName":"AgentLoop - Integration Tests tool execution should retry ReadFile when the tool returns a safe near-miss path hint","status":"passed","title":"should retry ReadFile when the tool returns a safe near-miss path hint","duration":3.322932000000037,"failureMessages":[],"meta":{},"tags":[]},{"ancestorTitles":["AgentLoop - Integration Tests","tool execution"],"fullName":"AgentLoop - Integration Tests tool execution should limit tool calls per iteration","status":"passed","title":"should limit tool calls per iteration","duration":5.9168110000000524,"failureMessages":[],"meta":{},"tags":[]},{"ancestorTitles":["AgentLoop - Integration Tests","circuit breaker"],"fullName":"AgentLoop - Integration Tests circuit breaker should skip tool when circuit is open after repeated failures","status":"passed","title":"should skip tool when circuit is open after repeated failures","duration":910.1028380000002,"failureMessages":[],"meta":{},"tags":[]},{"ancestorTitles":["AgentLoop - Integration Tests","circuit breaker"],"fullName":"AgentLoop - Integration Tests circuit breaker should not trip circuit for recoverable tool input errors","status":"passed","title":"should not trip circuit for recoverable tool input errors","duration":3.7110929999998916,"failureMessages":[],"meta":{},"tags":[]},{"ancestorTitles":["AgentLoop - Integration Tests","stuck loop detection"],"fullName":"AgentLoop - Integration Tests stuck loop detection should detect when no tools called for too long","status":"passed","title":"should detect when no tools called for too long","duration":2.673273999999765,"failureMessages":[],"meta":{},"tags":[]},{"ancestorTitles":["AgentLoop - Integration Tests","stuck loop detection"],"fullName":"AgentLoop - Integration Tests stuck loop detection should treat parse-error tool calls as no executable progress","status":"passed","title":"should treat parse-error tool calls as no executable progress","duration":5.2318479999999,"failureMessages":[],"meta":{},"tags":[]},{"ancestorTitles":["AgentLoop - Integration Tests","stuck loop detection"],"fullName":"AgentLoop - Integration Tests stuck loop detection should force stop on repeated short responses","status":"passed","title":"should force stop on repeated short responses","duration":4.85967299999993,"failureMessages":[],"meta":{},"tags":[]},{"ancestorTitles":["AgentLoop - Integration Tests","provider recovery"],"fullName":"AgentLoop - Integration Tests provider recovery should try an alternate configured model after a transient provider error","status":"passed","title":"should try an alternate configured model after a transient provider error","duration":3.830652999999984,"failureMessages":[],"meta":{},"tags":[]},{"ancestorTitles":["AgentLoop - Integration Tests","provider recovery"],"fullName":"AgentLoop - Integration Tests provider recovery should throttle provider requests from model config","status":"passed","title":"should throttle provider requests from model config","duration":10.125630000000001,"failureMessages":[],"meta":{},"tags":[]},{"ancestorTitles":["AgentLoop - Integration Tests","provider recovery"],"fullName":"AgentLoop - Integration Tests provider recovery should throttle every LLM call inside a cycle","status":"passed","title":"should throttle every LLM call inside a cycle","duration":11.342253000000255,"failureMessages":[],"meta":{},"tags":[]},{"ancestorTitles":["AgentLoop - Integration Tests","provider recovery"],"fullName":"AgentLoop - Integration Tests provider recovery should wait the configured interval between successful cycles","status":"passed","title":"should wait the configured interval between successful cycles","duration":3.4231610000001638,"failureMessages":[],"meta":{},"tags":[]},{"ancestorTitles":["AgentLoop - Integration Tests","provider recovery"],"fullName":"AgentLoop - Integration Tests provider recovery should park instead of throwing when every provider candidate is unavailable","status":"passed","title":"should park instead of throwing when every provider candidate is unavailable","duration":3.537409000000025,"failureMessages":[],"meta":{},"tags":[]},{"ancestorTitles":["AgentLoop - Integration Tests","provider recovery"],"fullName":"AgentLoop - Integration Tests provider recovery should park managed Zero request rejections instead of crashing Boot","status":"passed","title":"should park managed Zero request rejections instead of crashing Boot","duration":2.7145800000002964,"failureMessages":[],"meta":{},"tags":[]},{"ancestorTitles":["AgentLoop - Integration Tests","provider recovery"],"fullName":"AgentLoop - Integration Tests provider recovery should auto-resume parked provider requests with exponential backoff","status":"passed","title":"should auto-resume parked provider requests with exponential backoff","duration":7.330562999999984,"failureMessages":[],"meta":{},"tags":[]},{"ancestorTitles":["AgentLoop - Integration Tests","reflection integration"],"fullName":"AgentLoop - Integration Tests reflection integration should log reflections on tool success","status":"passed","title":"should log reflections on tool success","duration":3.9287669999998798,"failureMessages":[],"meta":{},"tags":[]},{"ancestorTitles":["AgentLoop - Integration Tests","reflection integration"],"fullName":"AgentLoop - Integration Tests reflection integration should log reflections on tool error","status":"passed","title":"should log reflections on tool error","duration":308.84425999999985,"failureMessages":[],"meta":{},"tags":[]},{"ancestorTitles":["AgentLoop - Integration Tests","reflection integration"],"fullName":"AgentLoop - Integration Tests reflection integration should inject failure patterns from ReflectionAnalyzer","status":"passed","title":"should inject failure patterns from ReflectionAnalyzer","duration":13.719628000000284,"failureMessages":[],"meta":{},"tags":[]},{"ancestorTitles":["AgentLoop - Integration Tests","abort/stop"],"fullName":"AgentLoop - Integration Tests abort/stop should stop running agent","status":"passed","title":"should stop running agent","duration":52.281030999999984,"failureMessages":[],"meta":{},"tags":[]},{"ancestorTitles":["AgentLoop - Integration Tests","activity log"],"fullName":"AgentLoop - Integration Tests activity log should track recent activities","status":"passed","title":"should track recent activities","duration":7.021523999999772,"failureMessages":[],"meta":{},"tags":[]},{"ancestorTitles":["AgentLoop - Integration Tests","module metadata"],"fullName":"AgentLoop - Integration Tests module metadata should have correct metadata","status":"passed","title":"should have correct metadata","duration":2.4505450000001474,"failureMessages":[],"meta":{},"tags":[]}],"startTime":1789852421969,"endTime":1789852424808.4504,"status":"passed","message":"","name":"/home/clocksmith/deco/reploid/tests/integration/agent-loop.test.js"},{"assertionResults":[{"ancestorTitles":["zero execution contract"],"fullName":"zero execution contract interprets native calls, grows a tool, records its result and detaches checkpoint state","status":"passed","title":"interprets native calls, grows a tool, records its result and detaches checkpoint state","duration":25.436566999999968,"failureMessages":[],"meta":{},"tags":[]},{"ancestorTitles":["zero execution contract"],"fullName":"zero execution contract denies a tool without invoking it and retains the denial observation","status":"passed","title":"denies a tool without invoking it and retains the denial observation","duration":4.382565999999997,"failureMessages":[],"meta":{},"tags":[]},{"ancestorTitles":["zero execution contract"],"fullName":"zero execution contract cancels provider observation, suppresses late results and waits for borrowed work on close","status":"passed","title":"cancels provider observation, suppresses late results and waits for borrowed work on close","duration":2.6426999999999907,"failureMessages":[],"meta":{},"tags":[]},{"ancestorTitles":["x execution contract"],"fullName":"x execution contract interprets native calls, grows a tool, records its result and detaches checkpoint state","status":"passed","title":"interprets native calls, grows a tool, records its result and detaches checkpoint state","duration":4.190981999999963,"failureMessages":[],"meta":{},"tags":[]},{"ancestorTitles":["x execution contract"],"fullName":"x execution contract denies a tool without invoking it and retains the denial observation","status":"passed","title":"denies a tool without invoking it and retains the denial observation","duration":3.6379590000000235,"failureMessages":[],"meta":{},"tags":[]},{"ancestorTitles":["x execution contract"],"fullName":"x execution contract cancels provider observation, suppresses late results and waits for borrowed work on close","status":"passed","title":"cancels provider observation, suppresses late results and waits for borrowed work on close","duration":3.3457280000000083,"failureMessages":[],"meta":{},"tags":[]},{"ancestorTitles":["work execution contract"],"fullName":"work execution contract interprets native calls, grows a tool, records its result and detaches checkpoint state","status":"passed","title":"interprets native calls, grows a tool, records its result and detaches checkpoint state","duration":13.092679999999973,"failureMessages":[],"meta":{},"tags":[]},{"ancestorTitles":["work execution contract"],"fullName":"work execution contract denies a tool without invoking it and retains the denial observation","status":"passed","title":"denies a tool without invoking it and retains the denial observation","duration":1.7016159999999445,"failureMessages":[],"meta":{},"tags":[]},{"ancestorTitles":["work execution contract"],"fullName":"work execution contract cancels provider observation, suppresses late results and waits for borrowed work on close","status":"passed","title":"cancels provider observation, suppresses late results and waits for borrowed work on close","duration":1.1669819999999618,"failureMessages":[],"meta":{},"tags":[]},{"ancestorTitles":[],"fullName":"X can compose a coordinator while preserving cancellation and inherited authority ceilings","status":"passed","title":"X can compose a coordinator while preserving cancellation and inherited authority ceilings","duration":1.614465999999993,"failureMessages":[],"meta":{},"tags":[]}],"startTime":1789852448803,"endTime":1789852448864.6145,"status":"passed","message":"","name":"/home/clocksmith/deco/reploid/tests/integration/agent-surface-contract.test.js"},{"assertionResults":[{"ancestorTitles":["ArenaHarness - Integration Tests"],"fullName":"ArenaHarness - Integration Tests runs a single competitor and passes verification","status":"passed","title":"runs a single competitor and passes verification","duration":6.575647000000004,"failureMessages":[],"meta":{},"tags":[]},{"ancestorTitles":["ArenaHarness - Integration Tests"],"fullName":"ArenaHarness - Integration Tests marks failures when verification fails","status":"passed","title":"marks failures when verification fails","duration":1.2444289999999683,"failureMessages":[],"meta":{},"tags":[]},{"ancestorTitles":["ArenaHarness - Integration Tests"],"fullName":"ArenaHarness - Integration Tests ranks multiple competitors by execution time","status":"passed","title":"ranks multiple competitors by execution time","duration":0.9797399999999925,"failureMessages":[],"meta":{},"tags":[]},{"ancestorTitles":["ArenaHarness - Integration Tests"],"fullName":"ArenaHarness - Integration Tests flags proposal timeouts as errors","status":"passed","title":"flags proposal timeouts as errors","duration":4.191634000000022,"failureMessages":[],"meta":{},"tags":[]},{"ancestorTitles":["ArenaHarness - Integration Tests"],"fullName":"ArenaHarness - Integration Tests restores VFS snapshot between competitors","status":"passed","title":"restores VFS snapshot between competitors","duration":1.154837999999927,"failureMessages":[],"meta":{},"tags":[]}],"startTime":1789852463465,"endTime":1789852463479.1548,"status":"passed","message":"","name":"/home/clocksmith/deco/reploid/tests/integration/arena-harness.test.js"},{"assertionResults":[{"ancestorTitles":["Boot Goal Generator - Integration Tests"],"fullName":"Boot Goal Generator - Integration Tests uses a hidden browser-RSI seed prompt with the selected Gemini model","status":"passed","title":"uses a hidden browser-RSI seed prompt with the selected Gemini model","duration":8.430740000000014,"failureMessages":[],"meta":{},"tags":[]},{"ancestorTitles":["Boot Goal Generator - Integration Tests"],"fullName":"Boot Goal Generator - Integration Tests retries Gemini goal generation without generationConfig after a 400","status":"passed","title":"retries Gemini goal generation without generationConfig after a 400","duration":2.6222960000000057,"failureMessages":[],"meta":{},"tags":[]}],"startTime":1789852466537,"endTime":1789852466548.6223,"status":"passed","message":"","name":"/home/clocksmith/deco/reploid/tests/integration/boot-goal-generator.test.js"},{"assertionResults":[{"ancestorTitles":["Change-control hosted service"],"fullName":"Change-control hosted service governs approval, activation, automatic reopening, and controlled rollback","status":"passed","title":"governs approval, activation, automatic reopening, and controlled rollback","duration":136.238153,"failureMessages":[],"meta":{},"tags":[]},{"ancestorTitles":["Change-control hosted service"],"fullName":"Change-control hosted service enforces organization and role boundaries without revealing foreign passports","status":"passed","title":"enforces organization and role boundaries without revealing foreign passports","duration":5.544967000000042,"failureMessages":[],"meta":{},"tags":[]},{"ancestorTitles":["Change-control hosted service"],"fullName":"Change-control hosted service returns idempotent retries and rejects concurrent stale appends","status":"passed","title":"returns idempotent retries and rejects concurrent stale appends","duration":22.131607999999915,"failureMessages":[],"meta":{},"tags":[]},{"ancestorTitles":["Change-control hosted service"],"fullName":"Change-control hosted service reconstructs the same verified projection after a durable-store restart","status":"passed","title":"reconstructs the same verified projection after a durable-store restart","duration":9.574928,"failureMessages":[],"meta":{},"tags":[]},{"ancestorTitles":["Change-control hosted service"],"fullName":"Change-control hosted service exposes authenticated API routes and verifies durable GitHub webhook deliveries","status":"passed","title":"exposes authenticated API routes and verifies durable GitHub webhook deliveries","duration":48.14781500000004,"failureMessages":[],"meta":{},"tags":[]},{"ancestorTitles":["Change-control hosted service"],"fullName":"Change-control hosted service surfaces GitHub required-check failures without changing decision state","status":"passed","title":"surfaces GitHub required-check failures without changing decision state","duration":4.554700000000025,"failureMessages":[],"meta":{},"tags":[]},{"ancestorTitles":["Change-control hosted service"],"fullName":"Change-control hosted service blocks force-pushed, forked, dismissed-review, and uninstalled GitHub authority changes","status":"passed","title":"blocks force-pushed, forked, dismissed-review, and uninstalled GitHub authority changes","duration":95.63235499999996,"failureMessages":[],"meta":{},"tags":[]},{"ancestorTitles":["Change-control hosted service"],"fullName":"Change-control hosted service executes authorized effects and rollback adapters once across idempotent retries","status":"passed","title":"executes authorized effects and rollback adapters once across idempotent retries","duration":202.720687,"failureMessages":[],"meta":{},"tags":[]},{"ancestorTitles":["Change-control hosted service"],"fullName":"Change-control hosted service scopes caller-supplied effect identities to each passport","status":"passed","title":"scopes caller-supplied effect identities to each passport","duration":136.97501499999998,"failureMessages":[],"meta":{},"tags":[]},{"ancestorTitles":["Change-control hosted service"],"fullName":"Change-control hosted service repairs interrupted effect and rollback ledgers without repeating external actions","status":"passed","title":"repairs interrupted effect and rollback ledgers without repeating external actions","duration":149.383425,"failureMessages":[],"meta":{},"tags":[]}],"startTime":1789852430496,"endTime":1789852431306.3835,"status":"passed","message":"","name":"/home/clocksmith/deco/reploid/tests/integration/change-control-service.test.js"},{"assertionResults":[{"ancestorTitles":["Change Passport GitHub Action"],"fullName":"Change Passport GitHub Action hashes admitted artifacts, freezes their manifest, and reports a blocked human-review gate","status":"passed","title":"hashes admitted artifacts, freezes their manifest, and reports a blocked human-review gate","duration":101.29262399999993,"failureMessages":[],"meta":{},"tags":[]},{"ancestorTitles":["Change Passport GitHub Action"],"fullName":"Change Passport GitHub Action rejects a manifest bound to a stale candidate revision before network activity","status":"passed","title":"rejects a manifest bound to a stale candidate revision before network activity","duration":4.44976900000006,"failureMessages":[],"meta":{},"tags":[]},{"ancestorTitles":["Change Passport GitHub Action"],"fullName":"Change Passport GitHub Action refuses to attach CI evidence to an existing passport with different frozen identities","status":"passed","title":"refuses to attach CI evidence to an existing passport with different frozen identities","duration":15.036500000000046,"failureMessages":[],"meta":{},"tags":[]}],"startTime":1789852439231,"endTime":1789852439352.0366,"status":"passed","message":"","name":"/home/clocksmith/deco/reploid/tests/integration/change-passport-action.test.js"},{"assertionResults":[{"ancestorTitles":[],"fullName":"runs through the shared engine, retains predictions, and only recommends a repair","status":"passed","title":"runs through the shared engine, retains predictions, and only recommends a repair","duration":16.663566999999944,"failureMessages":[],"meta":{},"tags":[]},{"ancestorTitles":[],"fullName":"preserves host and configuration gates without updating belief on denial","status":"passed","title":"preserves host and configuration gates without updating belief on denial","duration":7.07698599999992,"failureMessages":[],"meta":{},"tags":[]},{"ancestorTitles":[],"fullName":"retains rejected observations and failure costs without fabricating a posterior","status":"passed","title":"retains rejected observations and failure costs without fabricating a posterior","duration":3.6312470000000303,"failureMessages":[],"meta":{},"tags":[]},{"ancestorTitles":[],"fullName":"rejects duplicate evidence across otherwise distinct probes","status":"passed","title":"rejects duplicate evidence across otherwise distinct probes","duration":7.066596000000004,"failureMessages":[],"meta":{},"tags":[]},{"ancestorTitles":[],"fullName":"cancels promptly, suppresses late observations, and waits for borrowed work on close","status":"passed","title":"cancels promptly, suppresses late observations, and waits for borrowed work on close","duration":2.9447040000000015,"failureMessages":[],"meta":{},"tags":[]},{"ancestorTitles":[],"fullName":"obeys the tighter engine cycle budget and keeps failure attempts charged","status":"passed","title":"obeys the tighter engine cycle budget and keeps failure attempts charged","duration":8.246875000000045,"failureMessages":[],"meta":{},"tags":[]},{"ancestorTitles":[],"fullName":"handles cancellation before dispatch and enforces checkpoint byte limits","status":"passed","title":"handles cancellation before dispatch and enforces checkpoint byte limits","duration":2.9790649999999914,"failureMessages":[],"meta":{},"tags":[]}],"startTime":1789852458895,"endTime":1789852458943.979,"status":"passed","message":"","name":"/home/clocksmith/deco/reploid/tests/integration/diagnostic-strategy.test.js"},{"assertionResults":[{"ancestorTitles":["Doppler Arena Integration","Base Model Management"],"fullName":"Doppler Arena Integration Base Model Management loads base model","status":"passed","title":"loads base model","duration":1.6066899999999578,"failureMessages":[],"meta":{},"tags":[]},{"ancestorTitles":["Doppler Arena Integration","Adapter Management"],"fullName":"Doppler Arena Integration Adapter Management loads and caches adapters","status":"passed","title":"loads and caches adapters","duration":1.4849909999999227,"failureMessages":[],"meta":{},"tags":[]},{"ancestorTitles":["Doppler Arena Integration","Adapter Management"],"fullName":"Doppler Arena Integration Adapter Management switches between adapters","status":"passed","title":"switches between adapters","duration":0.4150840000000926,"failureMessages":[],"meta":{},"tags":[]},{"ancestorTitles":["Doppler Arena Integration","Adapter Management"],"fullName":"Doppler Arena Integration Adapter Management switches to base model (null adapter)","status":"passed","title":"switches to base model (null adapter)","duration":0.40314599999999245,"failureMessages":[],"meta":{},"tags":[]},{"ancestorTitles":["Doppler Arena Integration","Adapter Management"],"fullName":"Doppler Arena Integration Adapter Management throws on switching to non-existent adapter","status":"passed","title":"throws on switching to non-existent adapter","duration":1.4252649999999676,"failureMessages":[],"meta":{},"tags":[]},{"ancestorTitles":["Doppler Arena Integration","Inference with Adapters"],"fullName":"Doppler Arena Integration Inference with Adapters runs inference with active adapter","status":"passed","title":"runs inference with active adapter","duration":0.6141830000000255,"failureMessages":[],"meta":{},"tags":[]},{"ancestorTitles":["Doppler Arena Integration","Inference with Adapters"],"fullName":"Doppler Arena Integration Inference with Adapters runs inference without adapter (base model)","status":"passed","title":"runs inference without adapter (base model)","duration":0.22516299999995226,"failureMessages":[],"meta":{},"tags":[]},{"ancestorTitles":["Doppler Arena Integration","Arena Expert Pool Competitions"],"fullName":"Doppler Arena Integration Arena Expert Pool Competitions runs competition between multiple adapters","status":"passed","title":"runs competition between multiple adapters","duration":0.7243879999999763,"failureMessages":[],"meta":{},"tags":[]},{"ancestorTitles":["Doppler Arena Integration","Arena Expert Pool Competitions"],"fullName":"Doppler Arena Integration Arena Expert Pool Competitions emits arena events","status":"passed","title":"emits arena events","duration":0.884051999999997,"failureMessages":[],"meta":{},"tags":[]},{"ancestorTitles":["Doppler Arena Integration","Arena Expert Pool Competitions"],"fullName":"Doppler Arena Integration Arena Expert Pool Competitions calculates passRate correctly","status":"passed","title":"calculates passRate correctly","duration":0.5009149999999636,"failureMessages":[],"meta":{},"tags":[]},{"ancestorTitles":["Doppler Arena Integration","Adapter Composition"],"fullName":"Doppler Arena Integration Adapter Composition merges adapters with add strategy","status":"passed","title":"merges adapters with add strategy","duration":0.5531310000000076,"failureMessages":[],"meta":{},"tags":[]},{"ancestorTitles":["Doppler Arena Integration","Adapter Composition"],"fullName":"Doppler Arena Integration Adapter Composition merges adapters with lerp strategy","status":"passed","title":"merges adapters with lerp strategy","duration":0.2812390000000278,"failureMessages":[],"meta":{},"tags":[]},{"ancestorTitles":["Doppler Arena Integration","Adapter Composition"],"fullName":"Doppler Arena Integration Adapter Composition respects weights in lerp merge","status":"passed","title":"respects weights in lerp merge","duration":0.18252300000006016,"failureMessages":[],"meta":{},"tags":[]},{"ancestorTitles":["Doppler Arena Integration","Adapter Composition"],"fullName":"Doppler Arena Integration Adapter Composition handles single adapter (no merge)","status":"passed","title":"handles single adapter (no merge)","duration":0.11827400000004218,"failureMessages":[],"meta":{},"tags":[]},{"ancestorTitles":["Doppler Arena Integration","Adapter Composition"],"fullName":"Doppler Arena Integration Adapter Composition throws on empty adapter list","status":"passed","title":"throws on empty adapter list","duration":0.233113000000003,"failureMessages":[],"meta":{},"tags":[]},{"ancestorTitles":["Arena passRate with Adapter Switching"],"fullName":"Arena passRate with Adapter Switching tracks improvement with specialized adapters","status":"passed","title":"tracks improvement with specialized adapters","duration":1.5292090000000371,"failureMessages":[],"meta":{},"tags":[]},{"ancestorTitles":["Arena passRate with Adapter Switching"],"fullName":"Arena passRate with Adapter Switching measures net improvement over iterations","status":"passed","title":"measures net improvement over iterations","duration":0.7484210000000076,"failureMessages":[],"meta":{},"tags":[]}],"startTime":1789852459519,"endTime":1789852459532.7485,"status":"passed","message":"","name":"/home/clocksmith/deco/reploid/tests/integration/doppler-arena.test.js"},{"assertionResults":[{"ancestorTitles":["Doppler Inference Validation","Provider Initialization"],"fullName":"Doppler Inference Validation Provider Initialization initializes successfully","status":"passed","title":"initializes successfully","duration":2.2065259999999967,"failureMessages":[],"meta":{},"tags":[]},{"ancestorTitles":["Doppler Inference Validation","Provider Initialization"],"fullName":"Doppler Inference Validation Provider Initialization reports correct tier level","status":"passed","title":"reports correct tier level","duration":1.1550740000000133,"failureMessages":[],"meta":{},"tags":[]},{"ancestorTitles":["Doppler Inference Validation","Provider Initialization"],"fullName":"Doppler Inference Validation Provider Initialization reports max model size based on tier","status":"passed","title":"reports max model size based on tier","duration":0.3455589999999802,"failureMessages":[],"meta":{},"tags":[]},{"ancestorTitles":["Doppler Inference Validation","Model Loading"],"fullName":"Doppler Inference Validation Model Loading loads model successfully","status":"passed","title":"loads model successfully","duration":0.4728099999999813,"failureMessages":[],"meta":{},"tags":[]},{"ancestorTitles":["Doppler Inference Validation","Model Loading"],"fullName":"Doppler Inference Validation Model Loading reports progress during loading","status":"passed","title":"reports progress during loading","duration":0.2610949999999548,"failureMessages":[],"meta":{},"tags":[]},{"ancestorTitles":["Doppler Inference Validation","Text Generation"],"fullName":"Doppler Inference Validation Text Generation generates coherent text","status":"passed","title":"generates coherent text","duration":0.4114129999999818,"failureMessages":[],"meta":{},"tags":[]},{"ancestorTitles":["Doppler Inference Validation","Text Generation"],"fullName":"Doppler Inference Validation Text Generation streams tokens correctly","status":"passed","title":"streams tokens correctly","duration":104.57757500000002,"failureMessages":[],"meta":{},"tags":[]},{"ancestorTitles":["Doppler Inference Validation","Text Generation"],"fullName":"Doppler Inference Validation Text Generation respects maxTokens parameter","status":"passed","title":"respects maxTokens parameter","duration":0.3784899999999425,"failureMessages":[],"meta":{},"tags":[]},{"ancestorTitles":["Doppler Inference Validation","LoRA Adapter Support"],"fullName":"Doppler Inference Validation LoRA Adapter Support loads LoRA adapter by name","status":"passed","title":"loads LoRA adapter by name","duration":0.4410060000000158,"failureMessages":[],"meta":{},"tags":[]},{"ancestorTitles":["Doppler Inference Validation","LoRA Adapter Support"],"fullName":"Doppler Inference Validation LoRA Adapter Support loads LoRA adapter from manifest object","status":"passed","title":"loads LoRA adapter from manifest object","duration":0.25627300000007835,"failureMessages":[],"meta":{},"tags":[]},{"ancestorTitles":["Doppler Inference Validation","LoRA Adapter Support"],"fullName":"Doppler Inference Validation LoRA Adapter Support unloads LoRA adapter","status":"passed","title":"unloads LoRA adapter","duration":0.2075039999999717,"failureMessages":[],"meta":{},"tags":[]},{"ancestorTitles":["Doppler Inference Validation","LoRA Adapter Support"],"fullName":"Doppler Inference Validation LoRA Adapter Support switches between adapters","status":"passed","title":"switches between adapters","duration":0.20882700000004206,"failureMessages":[],"meta":{},"tags":[]},{"ancestorTitles":["Doppler Performance Metrics"],"fullName":"Doppler Performance Metrics measures token generation speed","status":"passed","title":"measures token generation speed","duration":145.46076400000004,"failureMessages":[],"meta":{},"tags":[]},{"ancestorTitles":["Doppler Performance Metrics"],"fullName":"Doppler Performance Metrics calculates time-to-first-token (TTFT)","status":"passed","title":"calculates time-to-first-token (TTFT)","duration":52.47748899999999,"failureMessages":[],"meta":{},"tags":[]},{"ancestorTitles":["GPU Requirements Documentation"],"fullName":"GPU Requirements Documentation documents minimum GPU requirements","status":"passed","title":"documents minimum GPU requirements","duration":1.1369829999999865,"failureMessages":[],"meta":{},"tags":[]},{"ancestorTitles":["GPU Requirements Documentation"],"fullName":"GPU Requirements Documentation documents WebGPU tier levels","status":"passed","title":"documents WebGPU tier levels","duration":0.5613470000000689,"failureMessages":[],"meta":{},"tags":[]}],"startTime":1789852433717,"endTime":1789852434029.5613,"status":"passed","message":"","name":"/home/clocksmith/deco/reploid/tests/integration/doppler-inference.test.js"},{"assertionResults":[{"ancestorTitles":["installed Doppler generation contract"],"fullName":"installed Doppler generation contract carries Reploid requests to public inference and checked completion records","status":"skipped","title":"carries Reploid requests to public inference and checked completion records","failureMessages":[],"meta":{},"tags":[]}],"startTime":1789852421020,"endTime":1789852421020,"status":"passed","message":"","name":"/home/clocksmith/deco/reploid/tests/integration/doppler-installed-generation.test.js"},{"assertionResults":[{"ancestorTitles":["Doppler signed-Capsule public API handoff"],"fullName":"Doppler signed-Capsule public API handoff binds peer-only reconstruction, migration, opening, execution receipts, and assignment rejection","status":"skipped","title":"binds peer-only reconstruction, migration, opening, execution receipts, and assignment rejection","failureMessages":[],"meta":{},"tags":[]}],"startTime":1789852421020,"endTime":1789852421020,"status":"passed","message":"","name":"/home/clocksmith/deco/reploid/tests/integration/doppler-pack-handoff.test.js"},{"assertionResults":[{"ancestorTitles":["Sentinel FSM - Integration Tests","State Machine Basics"],"fullName":"Sentinel FSM - Integration Tests State Machine Basics should initialize in IDLE state","status":"passed","title":"should initialize in IDLE state","duration":2.5172609999999622,"failureMessages":[],"meta":{},"tags":[]},{"ancestorTitles":["Sentinel FSM - Integration Tests","State Machine Basics"],"fullName":"Sentinel FSM - Integration Tests State Machine Basics should define all required states","status":"passed","title":"should define all required states","duration":1.2478250000000344,"failureMessages":[],"meta":{},"tags":[]},{"ancestorTitles":["Sentinel FSM - Integration Tests","State Machine Basics"],"fullName":"Sentinel FSM - Integration Tests State Machine Basics should have valid state transitions","status":"passed","title":"should have valid state transitions","duration":0.4065299999999752,"failureMessages":[],"meta":{},"tags":[]},{"ancestorTitles":["Sentinel FSM - Integration Tests","State Validation"],"fullName":"Sentinel FSM - Integration Tests State Validation should validate FSM states are unique","status":"passed","title":"should validate FSM states are unique","duration":0.24230099999999766,"failureMessages":[],"meta":{},"tags":[]},{"ancestorTitles":["Sentinel FSM - Integration Tests","State Validation"],"fullName":"Sentinel FSM - Integration Tests State Validation should have all states as uppercase strings","status":"passed","title":"should have all states as uppercase strings","duration":0.7059359999999515,"failureMessages":[],"meta":{},"tags":[]},{"ancestorTitles":["Sentinel FSM - Integration Tests","FSM Event Emissions"],"fullName":"Sentinel FSM - Integration Tests FSM Event Emissions should define expected FSM events","status":"passed","title":"should define expected FSM events","duration":0.7032600000000002,"failureMessages":[],"meta":{},"tags":[]},{"ancestorTitles":["Sentinel FSM - Integration Tests","FSM Event Emissions"],"fullName":"Sentinel FSM - Integration Tests FSM Event Emissions should validate event naming convention","status":"passed","title":"should validate event naming convention","duration":0.46918299999992996,"failureMessages":[],"meta":{},"tags":[]},{"ancestorTitles":["Sentinel FSM - Integration Tests","Human-in-the-Loop States"],"fullName":"Sentinel FSM - Integration Tests Human-in-the-Loop States should identify approval states","status":"passed","title":"should identify approval states","duration":0.4058950000001005,"failureMessages":[],"meta":{},"tags":[]},{"ancestorTitles":["Sentinel FSM - Integration Tests","Human-in-the-Loop States"],"fullName":"Sentinel FSM - Integration Tests Human-in-the-Loop States should validate approval state transitions","status":"passed","title":"should validate approval state transitions","duration":0.6565990000000284,"failureMessages":[],"meta":{},"tags":[]},{"ancestorTitles":["Sentinel FSM - Integration Tests","Error Handling"],"fullName":"Sentinel FSM - Integration Tests Error Handling should allow transition to ERROR from any state","status":"passed","title":"should allow transition to ERROR from any state","duration":1.9103629999999612,"failureMessages":[],"meta":{},"tags":[]},{"ancestorTitles":["Sentinel FSM - Integration Tests","Error Handling"],"fullName":"Sentinel FSM - Integration Tests Error Handling should allow ERROR state to reset to IDLE","status":"passed","title":"should allow ERROR state to reset to IDLE","duration":0.20776699999998982,"failureMessages":[],"meta":{},"tags":[]},{"ancestorTitles":["Sentinel FSM - Integration Tests","State Machine Completeness"],"fullName":"Sentinel FSM - Integration Tests State Machine Completeness should have terminal states","status":"passed","title":"should have terminal states","duration":1.160957000000053,"failureMessages":[],"meta":{},"tags":[]},{"ancestorTitles":["Sentinel FSM - Integration Tests","State Machine Completeness"],"fullName":"Sentinel FSM - Integration Tests State Machine Completeness should have entry point","status":"passed","title":"should have entry point","duration":0.14011899999991329,"failureMessages":[],"meta":{},"tags":[]},{"ancestorTitles":["Sentinel FSM - Integration Tests","State Machine Completeness"],"fullName":"Sentinel FSM - Integration Tests State Machine Completeness should support full cycle","status":"passed","title":"should support full cycle","duration":0.18583300000000236,"failureMessages":[],"meta":{},"tags":[]},{"ancestorTitles":["Sentinel FSM - Integration Tests","Reflection Phase"],"fullName":"Sentinel FSM - Integration Tests Reflection Phase should have reflection state after applying changes","status":"passed","title":"should have reflection state after applying changes","duration":0.12869200000000092,"failureMessages":[],"meta":{},"tags":[]},{"ancestorTitles":["Sentinel FSM - Integration Tests","Reflection Phase"],"fullName":"Sentinel FSM - Integration Tests Reflection Phase should store learnings from reflection","status":"passed","title":"should store learnings from reflection","duration":0.4456589999999778,"failureMessages":[],"meta":{},"tags":[]},{"ancestorTitles":["Sentinel FSM - Integration Tests","Self-Testing Integration"],"fullName":"Sentinel FSM - Integration Tests Self-Testing Integration should validate tests before applying changes","status":"passed","title":"should validate tests before applying changes","duration":0.15194599999995262,"failureMessages":[],"meta":{},"tags":[]},{"ancestorTitles":["Sentinel FSM - Integration Tests","Self-Testing Integration"],"fullName":"Sentinel FSM - Integration Tests Self-Testing Integration should block changes if tests fail threshold","status":"passed","title":"should block changes if tests fail threshold","duration":0.127303999999981,"failureMessages":[],"meta":{},"tags":[]}],"startTime":1789852464005,"endTime":1789852464018.4456,"status":"passed","message":"","name":"/home/clocksmith/deco/reploid/tests/integration/fsm.test.js"},{"assertionResults":[{"ancestorTitles":["GenesisSnapshot - Integration Tests","Lifeboat"],"fullName":"GenesisSnapshot - Integration Tests Lifeboat creates lifeboat from core and infrastructure files","status":"passed","title":"creates lifeboat from core and infrastructure files","duration":6.677288999999973,"failureMessages":[],"meta":{},"tags":[]},{"ancestorTitles":["GenesisSnapshot - Integration Tests","Lifeboat"],"fullName":"GenesisSnapshot - Integration Tests Lifeboat restores from lifeboat after VFS corruption","status":"passed","title":"restores from lifeboat after VFS corruption","duration":1.1736760000000004,"failureMessages":[],"meta":{},"tags":[]},{"ancestorTitles":["GenesisSnapshot - Integration Tests","Lifeboat"],"fullName":"GenesisSnapshot - Integration Tests Lifeboat hasLifeboat returns true after creation","status":"passed","title":"hasLifeboat returns true after creation","duration":0.642547000000036,"failureMessages":[],"meta":{},"tags":[]},{"ancestorTitles":["GenesisSnapshot - Integration Tests","Lifeboat"],"fullName":"GenesisSnapshot - Integration Tests Lifeboat getLifeboatInfo returns metadata","status":"passed","title":"getLifeboatInfo returns metadata","duration":0.7384150000000318,"failureMessages":[],"meta":{},"tags":[]},{"ancestorTitles":["GenesisSnapshot - Integration Tests","Lifeboat"],"fullName":"GenesisSnapshot - Integration Tests Lifeboat handles empty lifeboat gracefully","status":"passed","title":"handles empty lifeboat gracefully","duration":0.3816550000000234,"failureMessages":[],"meta":{},"tags":[]},{"ancestorTitles":["GenesisSnapshot - Integration Tests","Lifeboat"],"fullName":"GenesisSnapshot - Integration Tests Lifeboat fails restore gracefully when no lifeboat exists","status":"passed","title":"fails restore gracefully when no lifeboat exists","duration":0.48876000000007025,"failureMessages":[],"meta":{},"tags":[]},{"ancestorTitles":["GenesisSnapshot - Integration Tests","Snapshots"],"fullName":"GenesisSnapshot - Integration Tests Snapshots creates and restores VFS snapshot","status":"passed","title":"creates and restores VFS snapshot","duration":1.0010650000000396,"failureMessages":[],"meta":{},"tags":[]},{"ancestorTitles":["GenesisSnapshot - Integration Tests","Snapshots"],"fullName":"GenesisSnapshot - Integration Tests Snapshots lists available snapshots","status":"passed","title":"lists available snapshots","duration":0.7737879999999677,"failureMessages":[],"meta":{},"tags":[]},{"ancestorTitles":["GenesisSnapshot - Integration Tests","RSI Safety Integration"],"fullName":"GenesisSnapshot - Integration Tests RSI Safety Integration lifeboat survives complete VFS wipe","status":"passed","title":"lifeboat survives complete VFS wipe","duration":0.8418420000000424,"failureMessages":[],"meta":{},"tags":[]}],"startTime":1789852456193,"endTime":1789852456205.8418,"status":"passed","message":"","name":"/home/clocksmith/deco/reploid/tests/integration/genesis-snapshot.test.js"},{"assertionResults":[{"ancestorTitles":["GEPA Optimizer - Integration Tests","Module metadata"],"fullName":"GEPA Optimizer - Integration Tests Module metadata should have correct metadata","status":"passed","title":"should have correct metadata","duration":5.161857999999995,"failureMessages":[],"meta":{},"tags":[]},{"ancestorTitles":["GEPA Optimizer - Integration Tests","evolve() - basic evolution"],"fullName":"GEPA Optimizer - Integration Tests evolve() - basic evolution should run evolution with successful evaluations","status":"passed","title":"should run evolution with successful evaluations","duration":3.636671999999976,"failureMessages":[],"meta":{},"tags":[]},{"ancestorTitles":["GEPA Optimizer - Integration Tests","evolve() - basic evolution"],"fullName":"GEPA Optimizer - Integration Tests evolve() - basic evolution should emit lifecycle events","status":"passed","title":"should emit lifecycle events","duration":1.03189500000002,"failureMessages":[],"meta":{},"tags":[]},{"ancestorTitles":["GEPA Optimizer - Integration Tests","evolve() - basic evolution"],"fullName":"GEPA Optimizer - Integration Tests evolve() - basic evolution should throw on missing evaluationModel","status":"passed","title":"should throw on missing evaluationModel","duration":1.1782910000000015,"failureMessages":[],"meta":{},"tags":[]},{"ancestorTitles":["GEPA Optimizer - Integration Tests","evolve() - basic evolution"],"fullName":"GEPA Optimizer - Integration Tests evolve() - basic evolution should throw on empty taskSet","status":"passed","title":"should throw on empty taskSet","duration":0.4553720000000112,"failureMessages":[],"meta":{},"tags":[]},{"ancestorTitles":["GEPA Optimizer - Integration Tests","Reflection on failures"],"fullName":"GEPA Optimizer - Integration Tests Reflection on failures should generate reflections for failed evaluations","status":"passed","title":"should generate reflections for failed evaluations","duration":0.9604780000000233,"failureMessages":[],"meta":{},"tags":[]},{"ancestorTitles":["GEPA Optimizer - Integration Tests","Pareto selection"],"fullName":"GEPA Optimizer - Integration Tests Pareto selection should select candidates based on multi-objective dominance","status":"passed","title":"should select candidates based on multi-objective dominance","duration":6.0423620000000255,"failureMessages":[],"meta":{},"tags":[]},{"ancestorTitles":["GEPA Optimizer - Integration Tests","VFS checkpoints"],"fullName":"GEPA Optimizer - Integration Tests VFS checkpoints should save checkpoint after each generation","status":"passed","title":"should save checkpoint after each generation","duration":1.0001290000000154,"failureMessages":[],"meta":{},"tags":[]},{"ancestorTitles":["GEPA Optimizer - Integration Tests","Unsupported target types"],"fullName":"GEPA Optimizer - Integration Tests Unsupported target types should throw for unsupported targetType","status":"passed","title":"should throw for unsupported targetType","duration":0.8200330000000235,"failureMessages":[],"meta":{},"tags":[]},{"ancestorTitles":["GEPA Optimizer - Integration Tests","getStatus()"],"fullName":"GEPA Optimizer - Integration Tests getStatus() should return current evolution status","status":"passed","title":"should return current evolution status","duration":0.6440800000000309,"failureMessages":[],"meta":{},"tags":[]},{"ancestorTitles":["GEPA Optimizer - Integration Tests","Checkpoint resume"],"fullName":"GEPA Optimizer - Integration Tests Checkpoint resume should load checkpoint from VFS","status":"passed","title":"should load checkpoint from VFS","duration":0.5106440000000134,"failureMessages":[],"meta":{},"tags":[]},{"ancestorTitles":["GEPA Optimizer - Integration Tests","Checkpoint resume"],"fullName":"GEPA Optimizer - Integration Tests Checkpoint resume should list available checkpoints","status":"passed","title":"should list available checkpoints","duration":0.41977900000000545,"failureMessages":[],"meta":{},"tags":[]},{"ancestorTitles":["GEPA Optimizer - Integration Tests","Checkpoint resume"],"fullName":"GEPA Optimizer - Integration Tests Checkpoint resume should resume evolution from checkpoint","status":"passed","title":"should resume evolution from checkpoint","duration":0.8568850000000339,"failureMessages":[],"meta":{},"tags":[]},{"ancestorTitles":["GEPA Optimizer - Integration Tests","Checkpoint resume"],"fullName":"GEPA Optimizer - Integration Tests Checkpoint resume should return complete message if already at max generations","status":"passed","title":"should return complete message if already at max generations","duration":0.3916820000000598,"failureMessages":[],"meta":{},"tags":[]},{"ancestorTitles":["GEPA Optimizer - Integration Tests","Error classification"],"fullName":"GEPA Optimizer - Integration Tests Error classification should classify different error types","status":"passed","title":"should classify different error types","duration":0.9880389999999579,"failureMessages":[],"meta":{},"tags":[]},{"ancestorTitles":["GEPA Optimizer - Integration Tests","Cost tracking"],"fullName":"GEPA Optimizer - Integration Tests Cost tracking should track token usage in scores","status":"passed","title":"should track token usage in scores","duration":0.7335470000000441,"failureMessages":[],"meta":{},"tags":[]},{"ancestorTitles":["GEPA Optimizer - Integration Tests","Enhanced checkpoint data"],"fullName":"GEPA Optimizer - Integration Tests Enhanced checkpoint data should save checkpoint with comprehensive metrics","status":"passed","title":"should save checkpoint with comprehensive metrics","duration":0.6142750000000206,"failureMessages":[],"meta":{},"tags":[]},{"ancestorTitles":["GEPA Optimizer - Integration Tests","Enhanced checkpoint data"],"fullName":"GEPA Optimizer - Integration Tests Enhanced checkpoint data should emit checkpoint saved event","status":"passed","title":"should emit checkpoint saved event","duration":0.5786850000000641,"failureMessages":[],"meta":{},"tags":[]},{"ancestorTitles":["GEPA Optimizer - Integration Tests","getStatistics()"],"fullName":"GEPA Optimizer - Integration Tests getStatistics() should return detailed statistics after evolution","status":"passed","title":"should return detailed statistics after evolution","duration":0.5459440000000768,"failureMessages":[],"meta":{},"tags":[]},{"ancestorTitles":["GEPA Optimizer - Integration Tests","Evaluation caching"],"fullName":"GEPA Optimizer - Integration Tests Evaluation caching should cache evaluation results when enabled","status":"passed","title":"should cache evaluation results when enabled","duration":1.619811000000027,"failureMessages":[],"meta":{},"tags":[]},{"ancestorTitles":["GEPA Optimizer - Integration Tests","Reflection depth settings"],"fullName":"GEPA Optimizer - Integration Tests Reflection depth settings should use configured reflection depth","status":"passed","title":"should use configured reflection depth","duration":5.037063999999987,"failureMessages":[],"meta":{},"tags":[]},{"ancestorTitles":["GEPA Optimizer - Integration Tests","Objective weights"],"fullName":"GEPA Optimizer - Integration Tests Objective weights should apply custom objective weights","status":"passed","title":"should apply custom objective weights","duration":0.6521339999999327,"failureMessages":[],"meta":{},"tags":[]}],"startTime":1789852446793,"endTime":1789852446827.652,"status":"passed","message":"","name":"/home/clocksmith/deco/reploid/tests/integration/gepa-optimizer.test.js"},{"assertionResults":[{"ancestorTitles":["hosted JSON ingress and research record admission"],"fullName":"hosted JSON ingress and research record admission delivers a quorum-sized request to signature validation while retaining the general Pool limit","status":"passed","title":"delivers a quorum-sized request to signature validation while retaining the general Pool limit","duration":60.38467300000002,"failureMessages":[],"meta":{},"tags":[]},{"ancestorTitles":["hosted JSON ingress and research record admission"],"fullName":"hosted JSON ingress and research record admission retains the research record bound and bounds the whole HTTP envelope","status":"passed","title":"retains the research record bound and bounds the whole HTTP envelope","duration":30.7142869999999,"failureMessages":[],"meta":{},"tags":[]},{"ancestorTitles":["hosted JSON ingress and research record admission"],"fullName":"hosted JSON ingress and research record admission preserves explicit ingress limits and exact GitHub webhook bytes","status":"passed","title":"preserves explicit ingress limits and exact GitHub webhook bytes","duration":9.68274400000007,"failureMessages":[],"meta":{},"tags":[]}],"startTime":1789852441959,"endTime":1789852442059.6829,"status":"passed","message":"","name":"/home/clocksmith/deco/reploid/tests/integration/json-body-middleware.test.js"},{"assertionResults":[{"ancestorTitles":["LLMClient - Integration Tests","metadata"],"fullName":"LLMClient - Integration Tests metadata should have correct module metadata","status":"passed","title":"should have correct module metadata","duration":6.749033999999995,"failureMessages":[],"meta":{},"tags":[]},{"ancestorTitles":["LLMClient - Integration Tests","rate limiting"],"fullName":"LLMClient - Integration Tests rate limiting should wait for rate limiter token before request","status":"passed","title":"should wait for rate limiter token before request","duration":3.352338999999972,"failureMessages":[],"meta":{},"tags":[]},{"ancestorTitles":["LLMClient - Integration Tests","proxy mode"],"fullName":"LLMClient - Integration Tests proxy mode should send request to proxy endpoint","status":"passed","title":"should send request to proxy endpoint","duration":3.613358000000005,"failureMessages":[],"meta":{},"tags":[]},{"ancestorTitles":["LLMClient - Integration Tests","proxy mode"],"fullName":"LLMClient - Integration Tests proxy mode attaches fresh Firebase Auth and App Check headers for Zero managed proxy requests","status":"passed","title":"attaches fresh Firebase Auth and App Check headers for Zero managed proxy requests","duration":1.4501679999999624,"failureMessages":[],"meta":{},"tags":[]},{"ancestorTitles":["LLMClient - Integration Tests","proxy mode"],"fullName":"LLMClient - Integration Tests proxy mode should handle streaming responses via proxy","status":"passed","title":"should handle streaming responses via proxy","duration":1.5025630000000092,"failureMessages":[],"meta":{},"tags":[]},{"ancestorTitles":["LLMClient - Integration Tests","proxy mode"],"fullName":"LLMClient - Integration Tests proxy mode should throw ApiError on non-OK response","status":"passed","title":"should throw ApiError on non-OK response","duration":6.410623999999984,"failureMessages":[],"meta":{},"tags":[]},{"ancestorTitles":["LLMClient - Integration Tests","proxy mode"],"fullName":"LLMClient - Integration Tests proxy mode should include proxy JSON error details on non-OK response","status":"passed","title":"should include proxy JSON error details on non-OK response","duration":1.7826979999999821,"failureMessages":[],"meta":{},"tags":[]},{"ancestorTitles":["LLMClient - Integration Tests","proxy mode"],"fullName":"LLMClient - Integration Tests proxy mode should retry transient proxy failures","status":"passed","title":"should retry transient proxy failures","duration":4.2113109999999665,"failureMessages":[],"meta":{},"tags":[]},{"ancestorTitles":["LLMClient - Integration Tests","proxy mode"],"fullName":"LLMClient - Integration Tests proxy mode should handle Ollama-specific request options","status":"passed","title":"should handle Ollama-specific request options","duration":1.704874000000018,"failureMessages":[],"meta":{},"tags":[]},{"ancestorTitles":["LLMClient - Integration Tests","browser-native mode"],"fullName":"LLMClient - Integration Tests browser-native mode should forward the explicit context to WebLLM without injecting a hidden system prompt","status":"passed","title":"should forward the explicit context to WebLLM without injecting a hidden system prompt","duration":2.803795999999977,"failureMessages":[],"meta":{},"tags":[]},{"ancestorTitles":["LLMClient - Integration Tests","thought stripping"],"fullName":"LLMClient - Integration Tests thought stripping should strip <think> tags from response","status":"passed","title":"should strip <think> tags from response","duration":0.953378999999984,"failureMessages":[],"meta":{},"tags":[]},{"ancestorTitles":["LLMClient - Integration Tests","thought stripping"],"fullName":"LLMClient - Integration Tests thought stripping should strip <thinking> tags from response","status":"passed","title":"should strip <thinking> tags from response","duration":0.9418039999999905,"failureMessages":[],"meta":{},"tags":[]},{"ancestorTitles":["LLMClient - Integration Tests","thought stripping"],"fullName":"LLMClient - Integration Tests thought stripping should preserve raw content","status":"passed","title":"should preserve raw content","duration":0.7386109999999917,"failureMessages":[],"meta":{},"tags":[]},{"ancestorTitles":["LLMClient - Integration Tests","transformers.js mode"],"fullName":"LLMClient - Integration Tests transformers.js mode should route to TransformersClient when provider is transformers","status":"passed","title":"should route to TransformersClient when provider is transformers","duration":0.7460219999999822,"failureMessages":[],"meta":{},"tags":[]},{"ancestorTitles":["LLMClient - Integration Tests","transformers.js mode"],"fullName":"LLMClient - Integration Tests transformers.js mode should route to TransformersClient for recognized models","status":"passed","title":"should route to TransformersClient for recognized models","duration":0.6553269999999998,"failureMessages":[],"meta":{},"tags":[]},{"ancestorTitles":["LLMClient - Integration Tests","direct cloud API mode","OpenAI"],"fullName":"LLMClient - Integration Tests direct cloud API mode OpenAI should make direct API call to OpenAI","status":"passed","title":"should make direct API call to OpenAI","duration":3.579372000000035,"failureMessages":[],"meta":{},"tags":[]},{"ancestorTitles":["LLMClient - Integration Tests","direct cloud API mode","OpenAI"],"fullName":"LLMClient - Integration Tests direct cloud API mode OpenAI should throw if no API key provided","status":"passed","title":"should throw if no API key provided","duration":1.2534090000000333,"failureMessages":[],"meta":{},"tags":[]},{"ancestorTitles":["LLMClient - Integration Tests","direct cloud API mode","Anthropic"],"fullName":"LLMClient - Integration Tests direct cloud API mode Anthropic should make direct API call to Anthropic","status":"passed","title":"should make direct API call to Anthropic","duration":1.2081629999998995,"failureMessages":[],"meta":{},"tags":[]},{"ancestorTitles":["LLMClient - Integration Tests","direct cloud API mode","Anthropic"],"fullName":"LLMClient - Integration Tests direct cloud API mode Anthropic should extract system message for Anthropic","status":"passed","title":"should extract system message for Anthropic","duration":5.191147000000001,"failureMessages":[],"meta":{},"tags":[]},{"ancestorTitles":["LLMClient - Integration Tests","direct cloud API mode","Gemini"],"fullName":"LLMClient - Integration Tests direct cloud API mode Gemini should report native tool support for Gemini models","status":"passed","title":"should report native tool support for Gemini models","duration":0.613112000000001,"failureMessages":[],"meta":{},"tags":[]},{"ancestorTitles":["LLMClient - Integration Tests","direct cloud API mode","Gemini"],"fullName":"LLMClient - Integration Tests direct cloud API mode Gemini should make direct API call to Gemini","status":"passed","title":"should make direct API call to Gemini","duration":1.448158000000035,"failureMessages":[],"meta":{},"tags":[]},{"ancestorTitles":["LLMClient - Integration Tests","direct cloud API mode","Gemini"],"fullName":"LLMClient - Integration Tests direct cloud API mode Gemini should send Gemini function declarations for native tool calls","status":"passed","title":"should send Gemini function declarations for native tool calls","duration":1.6700330000001031,"failureMessages":[],"meta":{},"tags":[]},{"ancestorTitles":["LLMClient - Integration Tests","direct cloud API mode","Gemini"],"fullName":"LLMClient - Integration Tests direct cloud API mode Gemini should parse Gemini function calls from direct responses","status":"passed","title":"should parse Gemini function calls from direct responses","duration":1.4889980000000378,"failureMessages":[],"meta":{},"tags":[]},{"ancestorTitles":["LLMClient - Integration Tests","direct cloud API mode","Gemini"],"fullName":"LLMClient - Integration Tests direct cloud API mode Gemini should parse Gemini function calls from streamed responses","status":"passed","title":"should parse Gemini function calls from streamed responses","duration":1.0142940000000635,"failureMessages":[],"meta":{},"tags":[]},{"ancestorTitles":["LLMClient - Integration Tests","direct cloud API mode","Gemini"],"fullName":"LLMClient - Integration Tests direct cloud API mode Gemini should retry transient Gemini direct API failures","status":"passed","title":"should retry transient Gemini direct API failures","duration":2.316895000000045,"failureMessages":[],"meta":{},"tags":[]},{"ancestorTitles":["LLMClient - Integration Tests","direct cloud API mode","Gemini"],"fullName":"LLMClient - Integration Tests direct cloud API mode Gemini should avoid SSE for direct Gemini when StreamParser is unavailable","status":"passed","title":"should avoid SSE for direct Gemini when StreamParser is unavailable","duration":1.0546289999999772,"failureMessages":[],"meta":{},"tags":[]},{"ancestorTitles":["LLMClient - Integration Tests","direct cloud API mode","Gemini"],"fullName":"LLMClient - Integration Tests direct cloud API mode Gemini should convert message roles for Gemini","status":"passed","title":"should convert message roles for Gemini","duration":0.8444250000000011,"failureMessages":[],"meta":{},"tags":[]},{"ancestorTitles":["LLMClient - Integration Tests","direct cloud API mode","Gemini"],"fullName":"LLMClient - Integration Tests direct cloud API mode Gemini should omit empty text turns from Gemini requests","status":"passed","title":"should omit empty text turns from Gemini requests","duration":0.9434130000000778,"failureMessages":[],"meta":{},"tags":[]},{"ancestorTitles":["LLMClient - Integration Tests","abort request"],"fullName":"LLMClient - Integration Tests abort request should abort in-flight request","status":"passed","title":"should abort in-flight request","duration":11.217887000000019,"failureMessages":[],"meta":{},"tags":[]},{"ancestorTitles":["LLMClient - Integration Tests","abort request"],"fullName":"LLMClient - Integration Tests abort request should return false for unknown request ID","status":"passed","title":"should return false for unknown request ID","duration":0.7540289999999459,"failureMessages":[],"meta":{},"tags":[]},{"ancestorTitles":["LLMClient - Integration Tests","status methods"],"fullName":"LLMClient - Integration Tests status methods should return WebLLM status","status":"passed","title":"should return WebLLM status","duration":0.7489649999999983,"failureMessages":[],"meta":{},"tags":[]},{"ancestorTitles":["LLMClient - Integration Tests","status methods"],"fullName":"LLMClient - Integration Tests status methods should return Transformers status","status":"passed","title":"should return Transformers status","duration":3.6498569999999972,"failureMessages":[],"meta":{},"tags":[]},{"ancestorTitles":["LLMClient - Integration Tests","GPU memory management"],"fullName":"LLMClient - Integration Tests GPU memory management should release GPU memory","status":"passed","title":"should release GPU memory","duration":1.058488999999895,"failureMessages":[],"meta":{},"tags":[]},{"ancestorTitles":["LLMClient - Integration Tests","stream parsing"],"fullName":"LLMClient - Integration Tests stream parsing should handle incomplete chunks","status":"passed","title":"should handle incomplete chunks","duration":1.2084800000000087,"failureMessages":[],"meta":{},"tags":[]},{"ancestorTitles":["LLMClient - Integration Tests","stream parsing"],"fullName":"LLMClient - Integration Tests stream parsing should skip [DONE] markers","status":"passed","title":"should skip [DONE] markers","duration":4.43224100000009,"failureMessages":[],"meta":{},"tags":[]},{"ancestorTitles":["LLMClient - Integration Tests","stream parsing"],"fullName":"LLMClient - Integration Tests stream parsing should handle malformed JSON chunks gracefully","status":"passed","title":"should handle malformed JSON chunks gracefully","duration":1.3898130000000037,"failureMessages":[],"meta":{},"tags":[]}],"startTime":1789852444364,"endTime":1789852444450.39,"status":"passed","message":"","name":"/home/clocksmith/deco/reploid/tests/integration/llm-client.test.js"},{"assertionResults":[{"ancestorTitles":["Long Session Tests - 100+ Turns","100+ Turn Session Stability"],"fullName":"Long Session Tests - 100+ Turns 100+ Turn Session Stability should handle 100 turns without degradation","status":"passed","title":"should handle 100 turns without degradation","duration":46.09049600000003,"failureMessages":[],"meta":{},"tags":[]},{"ancestorTitles":["Long Session Tests - 100+ Turns","100+ Turn Session Stability"],"fullName":"Long Session Tests - 100+ Turns 100+ Turn Session Stability should maintain memory reuse rate above 40% over 100 turns","status":"passed","title":"should maintain memory reuse rate above 40% over 100 turns","duration":8.303735000000017,"failureMessages":[],"meta":{},"tags":[]},{"ancestorTitles":["Long Session Tests - 100+ Turns","100+ Turn Session Stability"],"fullName":"Long Session Tests - 100+ Turns 100+ Turn Session Stability should handle burst traffic without degradation","status":"passed","title":"should handle burst traffic without degradation","duration":36.44903999999997,"failureMessages":[],"meta":{},"tags":[]},{"ancestorTitles":["Long Session Tests - 100+ Turns","Context Reconstruction Accuracy"],"fullName":"Long Session Tests - 100+ Turns Context Reconstruction Accuracy should accurately reconstruct context after eviction","status":"passed","title":"should accurately reconstruct context after eviction","duration":2.3538019999999733,"failureMessages":[],"meta":{},"tags":[]},{"ancestorTitles":["Long Session Tests - 100+ Turns","Context Reconstruction Accuracy"],"fullName":"Long Session Tests - 100+ Turns Context Reconstruction Accuracy should preserve temporal ordering in retrieval","status":"passed","title":"should preserve temporal ordering in retrieval","duration":53.85769700000003,"failureMessages":[],"meta":{},"tags":[]},{"ancestorTitles":["Long Session Tests - 100+ Turns","Adaptive Forgetting"],"fullName":"Long Session Tests - 100+ Turns Adaptive Forgetting should calculate correct retention based on age and access","status":"passed","title":"should calculate correct retention based on age and access","duration":0.5742199999999684,"failureMessages":[],"meta":{},"tags":[]},{"ancestorTitles":["Long Session Tests - 100+ Turns","Adaptive Forgetting"],"fullName":"Long Session Tests - 100+ Turns Adaptive Forgetting should identify candidates for pruning","status":"passed","title":"should identify candidates for pruning","duration":1.2697160000000167,"failureMessages":[],"meta":{},"tags":[]},{"ancestorTitles":["Long Session Tests - 100+ Turns","Anticipatory Retrieval"],"fullName":"Long Session Tests - 100+ Turns Anticipatory Retrieval should anticipate debu
[...]
in file names","duration":0.257712999999967,"failureMessages":[],"meta":{},"tags":[]},{"ancestorTitles":["Find","path matching"],"fullName":"Find path matching should match only file name, not full path","status":"passed","title":"should match only file name, not full path","duration":0.22365700000000288,"failureMessages":[],"meta":{},"tags":[]},{"ancestorTitles":["Find","path matching"],"fullName":"Find path matching should not match directory names","status":"passed","title":"should not match directory names","duration":0.2227619999999888,"failureMessages":[],"meta":{},"tags":[]},{"ancestorTitles":["Find","empty results"],"fullName":"Find empty results should return empty string when no matches","status":"passed","title":"should return empty string when no matches","duration":0.22792200000003504,"failureMessages":[],"meta":{},"tags":[]},{"ancestorTitles":["Find","empty results"],"fullName":"Find empty results should return empty string when directory is empty","status":"passed","title":"should return empty string when directory is empty","duration":0.17916999999999916,"failureMessages":[],"meta":{},"tags":[]},{"ancestorTitles":["Find","output format"],"fullName":"Find output format should join results with newlines","status":"passed","title":"should join results with newlines","duration":0.17643499999996948,"failureMessages":[],"meta":{},"tags":[]},{"ancestorTitles":["Find","output format"],"fullName":"Find output format should return single file without trailing newline","status":"passed","title":"should return single file without trailing newline","duration":0.15724099999999908,"failureMessages":[],"meta":{},"tags":[]},{"ancestorTitles":["Find","complex patterns"],"fullName":"Find complex patterns should handle multiple wildcards","status":"passed","title":"should handle multiple wildcards","duration":0.22946699999999964,"failureMessages":[],"meta":{},"tags":[]}],"startTime":1789852461427,"endTime":1789852461439.2295,"status":"passed","message":"","name":"/home/clocksmith/deco/reploid/tests/unit/tools/find.test.js"},{"assertionResults":[{"ancestorTitles":["Grep","validation"],"fullName":"Grep validation should throw error when VFS not available","status":"passed","title":"should throw error when VFS not available","duration":5.299000999999976,"failureMessages":[],"meta":{},"tags":[]},{"ancestorTitles":["Grep","validation"],"fullName":"Grep validation should throw error when pattern missing","status":"passed","title":"should throw error when pattern missing","duration":0.7466409999999541,"failureMessages":[],"meta":{},"tags":[]},{"ancestorTitles":["Grep","basic search"],"fullName":"Grep basic search should find matching lines in files","status":"passed","title":"should find matching lines in files","duration":1.390427999999929,"failureMessages":[],"meta":{},"tags":[]},{"ancestorTitles":["Grep","basic search"],"fullName":"Grep basic search should return \"No matches found\" when nothing matches","status":"passed","title":"should return \"No matches found\" when nothing matches","duration":0.6370389999999588,"failureMessages":[],"meta":{},"tags":[]},{"ancestorTitles":["Grep","basic search"],"fullName":"Grep basic search should search in specified path","status":"passed","title":"should search in specified path","duration":1.6939499999999725,"failureMessages":[],"meta":{},"tags":[]},{"ancestorTitles":["Grep","basic search"],"fullName":"Grep basic search should default to root path","status":"passed","title":"should default to root path","duration":0.44277199999999084,"failureMessages":[],"meta":{},"tags":[]},{"ancestorTitles":["Grep","regex patterns"],"fullName":"Grep regex patterns should support regex patterns","status":"passed","title":"should support regex patterns","duration":0.7562350000000606,"failureMessages":[],"meta":{},"tags":[]},{"ancestorTitles":["Grep","regex patterns"],"fullName":"Grep regex patterns should support word boundary patterns","status":"passed","title":"should support word boundary patterns","duration":0.4891380000000254,"failureMessages":[],"meta":{},"tags":[]},{"ancestorTitles":["Grep","case sensitivity"],"fullName":"Grep case sensitivity should be case sensitive by default","status":"passed","title":"should be case sensitive by default","duration":0.6536389999999983,"failureMessages":[],"meta":{},"tags":[]},{"ancestorTitles":["Grep","case sensitivity"],"fullName":"Grep case sensitivity should support case insensitive search","status":"passed","title":"should support case insensitive search","duration":0.4943389999999681,"failureMessages":[],"meta":{},"tags":[]},{"ancestorTitles":["Grep","line numbers"],"fullName":"Grep line numbers should include correct line numbers (1-indexed)","status":"passed","title":"should include correct line numbers (1-indexed)","duration":0.31317999999998847,"failureMessages":[],"meta":{},"tags":[]},{"ancestorTitles":["Grep","error handling"],"fullName":"Grep error handling should skip files that cannot be read","status":"passed","title":"should skip files that cannot be read","duration":0.4227529999999433,"failureMessages":[],"meta":{},"tags":[]},{"ancestorTitles":["Grep","error handling"],"fullName":"Grep error handling should handle empty file list","status":"passed","title":"should handle empty file list","duration":0.22036200000002282,"failureMessages":[],"meta":{},"tags":[]},{"ancestorTitles":["Grep","error handling"],"fullName":"Grep error handling should handle empty files","status":"passed","title":"should handle empty files","duration":0.20468099999993683,"failureMessages":[],"meta":{},"tags":[]},{"ancestorTitles":["Grep","multiple matches per line"],"fullName":"Grep multiple matches per line should report line once even with multiple matches","status":"passed","title":"should report line once even with multiple matches","duration":0.2726790000000392,"failureMessages":[],"meta":{},"tags":[]},{"ancestorTitles":["Grep","output format"],"fullName":"Grep output format should format results as path:line:content","status":"passed","title":"should format results as path:line:content","duration":0.18212800000003426,"failureMessages":[],"meta":{},"tags":[]},{"ancestorTitles":["Grep","output format"],"fullName":"Grep output format should join multiple results with newlines","status":"passed","title":"should join multiple results with newlines","duration":0.16660300000000916,"failureMessages":[],"meta":{},"tags":[]}],"startTime":1789852462131,"endTime":1789852462146.2727,"status":"passed","message":"","name":"/home/clocksmith/deco/reploid/tests/unit/tools/grep.test.js"},{"assertionResults":[{"ancestorTitles":["ListFiles","call function"],"fullName":"ListFiles call function should list files in specified directory","status":"passed","title":"should list files in specified directory","duration":5.906301999999982,"failureMessages":[],"meta":{},"tags":[]},{"ancestorTitles":["ListFiles","call function"],"fullName":"ListFiles call function should default to root when no path specified","status":"passed","title":"should default to root when no path specified","duration":1.0122169999999642,"failureMessages":[],"meta":{},"tags":[]},{"ancestorTitles":["ListFiles","call function"],"fullName":"ListFiles call function should support \"directory\" as alias for \"path\"","status":"passed","title":"should support \"directory\" as alias for \"path\"","duration":0.5986959999999044,"failureMessages":[],"meta":{},"tags":[]},{"ancestorTitles":["ListFiles","call function"],"fullName":"ListFiles call function should support \"dir\" as alias for \"path\"","status":"passed","title":"should support \"dir\" as alias for \"path\"","duration":0.541411999999923,"failureMessages":[],"meta":{},"tags":[]},{"ancestorTitles":["ListFiles","call function"],"fullName":"ListFiles call function should throw error when VFS not available","status":"passed","title":"should throw error when VFS not available","duration":2.440715999999952,"failureMessages":[],"meta":{},"tags":[]},{"ancestorTitles":["ListFiles","call function"],"fullName":"ListFiles call function should return empty string for empty directory","status":"passed","title":"should return empty string for empty directory","duration":0.47086400000000594,"failureMessages":[],"meta":{},"tags":[]},{"ancestorTitles":["ListFiles","call function"],"fullName":"ListFiles call function should propagate VFS list errors","status":"passed","title":"should propagate VFS list errors","duration":0.7063670000000002,"failureMessages":[],"meta":{},"tags":[]},{"ancestorTitles":["ListFiles","call function"],"fullName":"ListFiles call function should handle nested paths","status":"passed","title":"should handle nested paths","duration":0.4620990000000802,"failureMessages":[],"meta":{},"tags":[]}],"startTime":1789852465823,"endTime":1789852465837.4622,"status":"passed","message":"","name":"/home/clocksmith/deco/reploid/tests/unit/tools/list-files.test.js"},{"assertionResults":[{"ancestorTitles":["LoadModule"],"fullName":"LoadModule reports a leading pipe literal marker before calling ToolRunner","status":"passed","title":"reports a leading pipe literal marker before calling ToolRunner","duration":5.198537000000101,"failureMessages":[],"meta":{},"tags":[]},{"ancestorTitles":["LoadModule"],"fullName":"LoadModule propagates promoted tool import failures from ToolRunner","status":"passed","title":"propagates promoted tool import failures from ToolRunner","duration":2.6916590000000724,"failureMessages":[],"meta":{},"tags":[]}],"startTime":1789852478958,"endTime":1789852478966.6917,"status":"passed","message":"","name":"/home/clocksmith/deco/reploid/tests/unit/tools/load-module.test.js"},{"assertionResults":[{"ancestorTitles":["Promote"],"fullName":"Promote accepts source, target, and evidence aliases for the canonical paths","status":"passed","title":"accepts source, target, and evidence aliases for the canonical paths","duration":17.68951800000002,"failureMessages":[],"meta":{},"tags":[]},{"ancestorTitles":["Promote"],"fullName":"Promote returns actionable reasons for missing evidence and invalid targets","status":"passed","title":"returns actionable reasons for missing evidence and invalid targets","duration":5.7472850000000335,"failureMessages":[],"meta":{},"tags":[]},{"ancestorTitles":["Promote"],"fullName":"Promote rejects replay evidence that does not bind candidate bytes","status":"passed","title":"rejects replay evidence that does not bind candidate bytes","duration":4.557933999999932,"failureMessages":[],"meta":{},"tags":[]},{"ancestorTitles":["Promote"],"fullName":"Promote preserves the previous target bytes before promotion","status":"passed","title":"preserves the previous target bytes before promotion","duration":4.891554000000042,"failureMessages":[],"meta":{},"tags":[]}],"startTime":1789852469424,"endTime":1789852469457.8916,"status":"passed","message":"","name":"/home/clocksmith/deco/reploid/tests/unit/tools/promote.test.js"},{"assertionResults":[{"ancestorTitles":["ReadFile","call function"],"fullName":"ReadFile call function should read file content from VFS","status":"passed","title":"should read file content from VFS","duration":5.448435000000018,"failureMessages":[],"meta":{},"tags":[]},{"ancestorTitles":["ReadFile","call function"],"fullName":"ReadFile call function should support \"file\" as alias for \"path\"","status":"passed","title":"should support \"file\" as alias for \"path\"","duration":0.9296150000000125,"failureMessages":[],"meta":{},"tags":[]},{"ancestorTitles":["ReadFile","call function"],"fullName":"ReadFile call function should read a VFS text byte window with offset and length","status":"passed","title":"should read a VFS text byte window with offset and length","duration":1.226460999999972,"failureMessages":[],"meta":{},"tags":[]},{"ancestorTitles":["ReadFile","call function"],"fullName":"ReadFile call function should tolerate binary alias for VFS text byte windows","status":"passed","title":"should tolerate binary alias for VFS text byte windows","duration":0.5348970000000008,"failureMessages":[],"meta":{},"tags":[]},{"ancestorTitles":["ReadFile","call function"],"fullName":"ReadFile call function should treat null VFS byte length as omitted","status":"passed","title":"should treat null VFS byte length as omitted","duration":0.7514029999999821,"failureMessages":[],"meta":{},"tags":[]},{"ancestorTitles":["ReadFile","call function"],"fullName":"ReadFile call function should clamp excessive VFS byte length to maxBytes","status":"passed","title":"should clamp excessive VFS byte length to maxBytes","duration":0.5317229999999427,"failureMessages":[],"meta":{},"tags":[]},{"ancestorTitles":["ReadFile","call function"],"fullName":"ReadFile call function should throw error when VFS not available","status":"passed","title":"should throw error when VFS not available","duration":1.8423409999999194,"failureMessages":[],"meta":{},"tags":[]},{"ancestorTitles":["ReadFile","call function"],"fullName":"ReadFile call function should throw error when path missing","status":"passed","title":"should throw error when path missing","duration":0.4769420000000082,"failureMessages":[],"meta":{},"tags":[]},{"ancestorTitles":["ReadFile","call function"],"fullName":"ReadFile call function should propagate VFS read errors","status":"passed","title":"should propagate VFS read errors","duration":0.9491719999999759,"failureMessages":[],"meta":{},"tags":[]},{"ancestorTitles":["ReadFile","call function"],"fullName":"ReadFile call function should handle empty file content","status":"passed","title":"should handle empty file content","duration":0.41146600000001854,"failureMessages":[],"meta":{},"tags":[]},{"ancestorTitles":["ReadFile","call function"],"fullName":"ReadFile call function should handle binary-like content","status":"passed","title":"should handle binary-like content","duration":0.3705970000000889,"failureMessages":[],"meta":{},"tags":[]},{"ancestorTitles":["ReadFile","call function"],"fullName":"ReadFile call function should return a VFS directory listing when path has descendants","status":"passed","title":"should return a VFS directory listing when path has descendants","duration":0.9639809999999898,"failureMessages":[],"meta":{},"tags":[]},{"ancestorTitles":["ReadFile","call function"],"fullName":"ReadFile call function should return an empty known VFS directory listing","status":"passed","title":"should return an empty known VFS directory listing","duration":0.4220579999999927,"failureMessages":[],"meta":{},"tags":[]},{"ancestorTitles":["ReadFile","call function"],"fullName":"ReadFile call function should still throw for unknown missing files","status":"passed","title":"should still throw for unknown missing files","duration":0.946042000000034,"failureMessages":[],"meta":{},"tags":[]},{"ancestorTitles":["ReadFile","call function"],"fullName":"ReadFile call function should resolve an exact existing file when the requested path has trailing typo characters","status":"passed","title":"should resolve an exact existing file when the requested path has trailing typo characters","duration":0.692553000000089,"failureMessages":[],"meta":{},"tags":[]},{"ancestorTitles":["ReadFile","call function"],"fullName":"ReadFile call function should suggest existing VFS files for near-miss paths","status":"passed","title":"should suggest existing VFS files for near-miss paths","duration":0.8732150000000729,"failureMessages":[],"meta":{},"tags":[]}],"startTime":1789852460224,"endTime":1789852460241.8733,"status":"passed","message":"","name":"/home/clocksmith/deco/reploid/tests/unit/tools/read-file.test.js"},{"assertionResults":[{"ancestorTitles":["WriteFile","allowed VFS roots"],"fullName":"WriteFile allowed VFS roots should write shadow candidates","status":"passed","title":"should write shadow candidates","duration":6.2704120000000785,"failureMessages":[],"meta":{},"tags":[]},{"ancestorTitles":["WriteFile","allowed VFS roots"],"fullName":"WriteFile allowed VFS roots should support \"file\" as alias for \"path\" under writable roots","status":"passed","title":"should support \"file\" as alias for \"path\" under writable roots","duration":0.9017059999999901,"failureMessages":[],"meta":{},"tags":[]},{"ancestorTitles":["WriteFile","allowed VFS roots"],"fullName":"WriteFile allowed VFS roots should write artifact evidence","status":"passed","title":"should write artifact evidence","duration":0.7567730000000665,"failureMessages":[],"meta":{},"tags":[]},{"ancestorTitles":["WriteFile","allowed VFS roots"],"fullName":"WriteFile allowed VFS roots should serialize JSON object content before writing artifact evidence","status":"passed","title":"should serialize JSON object content before writing artifact evidence","duration":1.0446050000000469,"failureMessages":[],"meta":{},"tags":[]},{"ancestorTitles":["WriteFile","allowed VFS roots"],"fullName":"WriteFile allowed VFS roots should allow empty string content","status":"passed","title":"should allow empty string content","duration":0.7163129999999001,"failureMessages":[],"meta":{},"tags":[]},{"ancestorTitles":["WriteFile","allowed VFS roots"],"fullName":"WriteFile allowed VFS roots should reject direct self writes","status":"passed","title":"should reject direct self writes","duration":2.1660369999999602,"failureMessages":[],"meta":{},"tags":[]},{"ancestorTitles":["WriteFile","allowed VFS roots"],"fullName":"WriteFile allowed VFS roots should reject direct core writes before verification or audit handling","status":"passed","title":"should reject direct core writes before verification or audit handling","duration":0.596082000000024,"failureMessages":[],"meta":{},"tags":[]},{"ancestorTitles":["WriteFile","validation"],"fullName":"WriteFile validation should throw error when VFS not available","status":"passed","title":"should throw error when VFS not available","duration":0.4239750000000413,"failureMessages":[],"meta":{},"tags":[]},{"ancestorTitles":["WriteFile","validation"],"fullName":"WriteFile validation should throw error when path missing","status":"passed","title":"should throw error when path missing","duration":0.7476990000000114,"failureMessages":[],"meta":{},"tags":[]},{"ancestorTitles":["WriteFile","validation"],"fullName":"WriteFile validation should throw error when content missing for writable paths","status":"passed","title":"should throw error when content missing for writable paths","duration":0.6060549999999694,"failureMessages":[],"meta":{},"tags":[]},{"ancestorTitles":["WriteFile","event emission"],"fullName":"WriteFile event emission should emit artifact:created for new files","status":"passed","title":"should emit artifact:created for new files","duration":1.5141569999999547,"failureMessages":[],"meta":{},"tags":[]},{"ancestorTitles":["WriteFile","event emission"],"fullName":"WriteFile event emission should emit vfs:write for existing files","status":"passed","title":"should emit vfs:write for existing files","duration":0.5251409999999623,"failureMessages":[],"meta":{},"tags":[]},{"ancestorTitles":["WriteFile","audit logging"],"fullName":"WriteFile audit logging should log FILE_WRITE for writable non-core files","status":"passed","title":"should log FILE_WRITE for writable non-core files","duration":5.026870000000031,"failureMessages":[],"meta":{},"tags":[]},{"ancestorTitles":["WriteFile","audit logging"],"fullName":"WriteFile audit logging should not treat shadow candidate paths as core writes","status":"passed","title":"should not treat shadow candidate paths as core writes","duration":0.3541220000000749,"failureMessages":[],"meta":{},"tags":[]},{"ancestorTitles":["WriteFile","autoLoad"],"fullName":"WriteFile autoLoad should reject autoLoad before Promote places a module under /self","status":"passed","title":"should reject autoLoad before Promote places a module under /self","duration":0.39745300000004136,"failureMessages":[],"meta":{},"tags":[]}],"startTime":1789852456946,"endTime":1789852456968.3975,"status":"passed","message":"","name":"/home/clocksmith/deco/reploid/tests/unit/tools/write-file.test.js"}]}